{"recorder_version":"11","session":"3b01df94f051","build":"191.7479.19","bucket":"185","time":1590825721350,"group":{"id":"settings","version":"2"},"event":{"state":true,"data":{"created":1590825721350,"invoked":true},"id":"NotRoamableUiSettings"}}
{"recorder_version":"11","session":"3b01df94f051","build":"191.7479.19","bucket":"185","time":1590825721353,"group":{"id":"system.os","version":"1"},"event":{"state":true,"data":{"created":1590825721361,"version":"10.15"},"id":"Mac"}}
{"recorder_version":"11","session":"3b01df94f051","build":"191.7479.19","bucket":"185","time":1590825721353,"group":{"id":"system.os","version":"1"},"event":{"state":true,"data":{"created":1590825721370},"id":"invoked"}}
{"recorder_version":"11","session":"3b01df94f051","build":"191.7479.19","bucket":"185","time":1590825721353,"group":{"id":"system.java","version":"1"},"event":{"state":true,"data":{"created":1590825721371,"version":"1.8"},"id":"JetBrains"}}
{"recorder_version":"11","session":"3b01df94f051","build":"191.7479.19","bucket":"185","time":1590825721353,"group":{"id":"system.java","version":"1"},"event":{"state":true,"data":{"created":1590825721372},"id":"invoked"}}
{"recorder_version":"11","session":"3b01df94f051","build":"191.7479.19","bucket":"185","time":1590825721354,"group":{"id":"settings","version":"2"},"event":{"state":true,"data":{"created":1590825721372,"invoked":true},"id":"UISettings"}}
{"recorder_version":"11","session":"3b01df94f051","build":"191.7479.19","bucket":"185","time":1590825722489,"group":{"id":"settings","version":"2"},"event":{"state":true,"data":{"default":false,"created":1590825722491,"name":"showTipsOnStartup","value":false},"id":"GeneralSettings"}}
{"recorder_version":"11","session":"3b01df94f051","build":"191.7479.19","bucket":"185","time":1590825722492,"group":{"id":"settings","version":"2"},"event":{"state":true,"data":{"created":1590825722494,"invoked":true},"id":"GeneralSettings"}}
{"recorder_version":"11","session":"3b01df94f051","build":"191.7479.19","bucket":"185","time":1590825724499,"group":{"id":"performance","version":"11"},"event":{"count":1,"data":{"duration_ms":1345,"created":1590825724499},"id":"ui.latency"}}
{"recorder_version":"11","session":"3b01df94f051","build":"191.7479.19","bucket":"185","time":1590825724499,"group":{"id":"performance","version":"11"},"event":{"count":1,"data":{"duration_ms":1345,"created":1590825724500},"id":"ui.lagging"}}
{"recorder_version":"11","session":"3b01df94f051","build":"191.7479.19","bucket":"185","time":1590825724502,"group":{"id":"performance","version":"11"},"event":{"count":1,"data":{"duration_ms":352,"created":1590825724502},"id":"ui.lagging"}}
{"recorder_version":"11","session":"3b01df94f051","build":"191.7479.19","bucket":"185","time":1590825724828,"group":{"id":"ui.dialogs","version":"11"},"event":{"count":1,"data":{"created":1590825724828,"plugin_type":"PLATFORM","type":"show"},"id":"com.intellij.openapi.progress.util.ProgressDialog$MyDialogWrapper"}}
{"recorder_version":"11","session":"3b01df94f051","build":"191.7479.19","bucket":"185","time":1590825726595,"group":{"id":"ui.dialogs","version":"11"},"event":{"count":1,"data":{"code":1,"created":1590825726596,"plugin_type":"PLATFORM","type":"close"},"id":"com.intellij.openapi.progress.util.ProgressDialog$MyDialogWrapper"}}
{"recorder_version":"11","session":"3b01df94f051","build":"191.7479.19","bucket":"185","time":1590825726614,"group":{"id":"lifecycle","version":"11"},"event":{"count":1,"data":{"created":1590825726614,"project":"34ef29c631774da54ecac16d2fc1f412ee6c216a60d7e3312deb717707282d5a"},"id":"project.opened"}}
{"recorder_version":"11","session":"3b01df94f051","build":"191.7479.19","bucket":"185","time":1590825727468,"group":{"id":"performance","version":"11"},"event":{"count":1,"data":{"duration_ms":308,"created":1590825727468},"id":"ui.lagging"}}
{"recorder_version":"11","session":"3b01df94f051","build":"191.7479.19","bucket":"185","time":1590825727509,"group":{"id":"ui.dialogs","version":"11"},"event":{"count":1,"data":{"created":1590825727509,"plugin_type":"PLATFORM","type":"show"},"id":"com.intellij.openapi.progress.util.ProgressDialog$MyDialogWrapper"}}
{"recorder_version":"11","session":"3b01df94f051","build":"191.7479.19","bucket":"185","time":1590825728830,"group":{"id":"performance","version":"11"},"event":{"count":1,"data":{"duration_ms":664,"created":1590825728830},"id":"ui.lagging"}}
{"recorder_version":"11","session":"3b01df94f051","build":"191.7479.19","bucket":"185","time":1590825728941,"group":{"id":"toolwindow","version":"11"},"event":{"count":1,"data":{"os":"Mac","created":1590825728941,"plugin_type":"PLATFORM"},"id":"Project"}}
{"recorder_version":"11","session":"3b01df94f051","build":"191.7479.19","bucket":"185","time":1590825729218,"group":{"id":"lifecycle","version":"11"},"event":{"count":1,"data":{"internal":true,"eap":false,"created":1590825729218},"id":"ide.start"}}
{"recorder_version":"11","session":"3b01df94f051","build":"191.7479.19","bucket":"185","time":1590825729717,"group":{"id":"project.fs","version":"1"},"event":{"state":true,"data":{"os":"Mac","cs-project":false,"created":1590825729717,"project":"34ef29c631774da54ecac16d2fc1f412ee6c216a60d7e3312deb717707282d5a","cs-implicit":true,"cs-system":false},"id":"case-sensitivity"}}
{"recorder_version":"11","session":"3b01df94f051","build":"191.7479.19","bucket":"185","time":1590825729717,"group":{"id":"project.fs","version":"1"},"event":{"state":true,"data":{"created":1590825729717},"id":"invoked"}}
{"recorder_version":"11","session":"3b01df94f051","build":"191.7479.19","bucket":"185","time":1590825729717,"group":{"id":"project.fs","version":"1"},"event":{"state":true,"data":{"pct-non-watched":0,"created":1590825729717,"project":"34ef29c631774da54ecac16d2fc1f412ee6c216a60d7e3312deb717707282d5a"},"id":"roots-watched"}}
{"recorder_version":"11","session":"3b01df94f051","build":"191.7479.19","bucket":"185","time":1590825729717,"group":{"id":"project.fs","version":"1"},"event":{"state":true,"data":{"created":1590825729718},"id":"invoked"}}
{"recorder_version":"11","session":"3b01df94f051","build":"191.7479.19","bucket":"185","time":1590825729895,"group":{"id":"ui.dialogs","version":"11"},"event":{"count":1,"data":{"code":1,"created":1590825729895,"plugin_type":"PLATFORM","type":"close"},"id":"com.intellij.openapi.progress.util.ProgressDialog$MyDialogWrapper"}}
{"recorder_version":"11","session":"3b01df94f051","build":"191.7479.19","bucket":"185","time":1590825729963,"group":{"id":"lifecycle","version":"11"},"event":{"count":1,"data":{"created":1590825729963,"time_ms":5648,"project":"34ef29c631774da54ecac16d2fc1f412ee6c216a60d7e3312deb717707282d5a"},"id":"project.opening.finished"}}
{"recorder_version":"11","session":"3b01df94f051","build":"191.7479.19","bucket":"185","time":1590825731669,"group":{"id":"performance","version":"11"},"event":{"count":1,"data":{"duration_ms":485,"created":1590825731669},"id":"ui.lagging"}}
{"recorder_version":"11","session":"3b01df94f051","build":"191.7479.19","bucket":"185","time":1590825733457,"group":{"id":"performance","version":"11"},"event":{"count":1,"data":{"duration_ms":267,"created":1590825733457},"id":"ui.lagging"}}
{"recorder_version":"11","session":"3b01df94f051","build":"191.7479.19","bucket":"185","time":1590825736576,"group":{"id":"actions","version":"11"},"event":{"count":1,"data":{"context_menu":true,"os":"Mac","created":1590825736576,"plugin_type":"NOT_LISTED","project":"34ef29c631774da54ecac16d2fc1f412ee6c216a60d7e3312deb717707282d5a","place":"MainMenu","input_event":"NoMouseButton"},"id":"third.party"}}
{"recorder_version":"11","session":"3b01df94f051","build":"191.7479.19","bucket":"185","time":1590825747389,"group":{"id":"actions","version":"11"},"event":{"count":1,"data":{"context_menu":true,"os":"Mac","created":1590825747389,"plugin_type":"NOT_LISTED","project":"34ef29c631774da54ecac16d2fc1f412ee6c216a60d7e3312deb717707282d5a","place":"MainMenu","input_event":"NoMouseButton"},"id":"third.party"}}
{"recorder_version":"11","session":"3b01df94f051","build":"191.7479.19","bucket":"185","time":1590825756664,"group":{"id":"productivity","version":"11"},"event":{"count":1,"data":{"created":1590825756664},"id":"editing.select.word"}}
{"recorder_version":"11","session":"3b01df94f051","build":"191.7479.19","bucket":"185","time":1590825765511,"group":{"id":"actions","version":"11"},"event":{"count":1,"data":{"context_menu":true,"os":"Mac","created":1590825765512,"plugin_type":"NOT_LISTED","project":"34ef29c631774da54ecac16d2fc1f412ee6c216a60d7e3312deb717707282d5a","place":"MainMenu","input_event":"NoMouseButton"},"id":"third.party"}}
{"recorder_version":"11","session":"3b01df94f051","build":"191.7479.19","bucket":"185","time":1590825825459,"group":{"id":"performance","version":"11"},"event":{"count":1,"data":{"duration_ms":0,"created":1590825825459},"id":"ui.latency"}}
{"recorder_version":"11","session":"3b01df94f051","build":"191.7479.19","bucket":"185","time":1590825925782,"group":{"id":"performance","version":"11"},"event":{"count":1,"data":{"duration_ms":0,"created":1590825925782},"id":"ui.latency"}}
{"recorder_version":"11","session":"3b01df94f051","build":"191.7479.19","bucket":"185","time":1590826024505,"group":{"id":"build.tools.actions","version":"1"},"event":{"count":1,"data":{"created":1590826024506},"id":"registered"}}
{"recorder_version":"11","session":"3b01df94f051","build":"191.7479.19","bucket":"185","time":1590826024505,"group":{"id":"file.types.usage","version":"11"},"event":{"count":1,"data":{"created":1590826024506},"id":"registered"}}
{"recorder_version":"11","session":"3b01df94f051","build":"191.7479.19","bucket":"185","time":1590826024505,"group":{"id":"actions.runAnything","version":"1"},"event":{"count":1,"data":{"created":1590826024507},"id":"registered"}}
{"recorder_version":"11","session":"3b01df94f051","build":"191.7479.19","bucket":"185","time":1590826024505,"group":{"id":"toolwindow","version":"11"},"event":{"count":1,"data":{"created":1590826024507},"id":"registered"}}
{"recorder_version":"11","session":"3b01df94f051","build":"191.7479.19","bucket":"185","time":1590826024505,"group":{"id":"live.templates","version":"11"},"event":{"count":1,"data":{"created":1590826024508},"id":"registered"}}
{"recorder_version":"11","session":"3b01df94f051","build":"191.7479.19","bucket":"185","time":1590826024505,"group":{"id":"ide.self.update","version":"1"},"event":{"count":1,"data":{"created":1590826024508},"id":"registered"}}
{"recorder_version":"11","session":"3b01df94f051","build":"191.7479.19","bucket":"185","time":1590826024505,"group":{"id":"lifecycle","version":"11"},"event":{"count":1,"data":{"created":1590826024508},"id":"registered"}}
{"recorder_version":"11","session":"3b01df94f051","build":"191.7479.19","bucket":"185","time":1590826024505,"group":{"id":"vcs.diff.trigger","version":"1"},"event":{"count":1,"data":{"created":1590826024509},"id":"registered"}}
{"recorder_version":"11","session":"3b01df94f051","build":"191.7479.19","bucket":"185","time":1590826024505,"group":{"id":"vcs.log.trigger","version":"1"},"event":{"count":1,"data":{"created":1590826024509},"id":"registered"}}
{"recorder_version":"11","session":"3b01df94f051","build":"191.7479.19","bucket":"185","time":1590826024505,"group":{"id":"productivity","version":"11"},"event":{"count":1,"data":{"created":1590826024509},"id":"registered"}}
{"recorder_version":"11","session":"3b01df94f051","build":"191.7479.19","bucket":"185","time":1590826024505,"group":{"id":"debugger.breakpoints.usage","version":"1"},"event":{"count":1,"data":{"created":1590826024509},"id":"registered"}}
{"recorder_version":"11","session":"3b01df94f051","build":"191.7479.19","bucket":"185","time":1590826024505,"group":{"id":"build.maven.actions","version":"1"},"event":{"count":1,"data":{"created":1590826024509},"id":"registered"}}
{"recorder_version":"11","session":"3b01df94f051","build":"191.7479.19","bucket":"185","time":1590826024505,"group":{"id":"intentions","version":"11"},"event":{"count":1,"data":{"created":1590826024510},"id":"registered"}}
{"recorder_version":"11","session":"3b01df94f051","build":"191.7479.19","bucket":"185","time":1590826024505,"group":{"id":"ui.dialogs","version":"11"},"event":{"count":1,"data":{"created":1590826024510},"id":"registered"}}
{"recorder_version":"11","session":"3b01df94f051","build":"191.7479.19","bucket":"185","time":1590826024505,"group":{"id":"vcs.back.forward.trigger","version":"1"},"event":{"count":1,"data":{"created":1590826024510},"id":"registered"}}
{"recorder_version":"11","session":"3b01df94f051","build":"191.7479.19","bucket":"185","time":1590826024505,"group":{"id":"toolbar","version":"11"},"event":{"count":1,"data":{"created":1590826024510},"id":"registered"}}
{"recorder_version":"11","session":"3b01df94f051","build":"191.7479.19","bucket":"185","time":1590826024505,"group":{"id":"build.gradle.actions","version":"1"},"event":{"count":1,"data":{"created":1590826024511},"id":"registered"}}
{"recorder_version":"11","session":"3b01df94f051","build":"191.7479.19","bucket":"185","time":1590826024505,"group":{"id":"performance","version":"11"},"event":{"count":1,"data":{"created":1590826024511},"id":"registered"}}
{"recorder_version":"11","session":"3b01df94f051","build":"191.7479.19","bucket":"185","time":1590826024505,"group":{"id":"searchEverywhere","version":"1"},"event":{"count":1,"data":{"created":1590826024511},"id":"registered"}}
{"recorder_version":"11","session":"3b01df94f051","build":"191.7479.19","bucket":"185","time":1590826024505,"group":{"id":"ui.tips","version":"1"},"event":{"count":1,"data":{"created":1590826024512},"id":"registered"}}
{"recorder_version":"11","session":"3b01df94f051","build":"191.7479.19","bucket":"185","time":1590826024505,"group":{"id":"import.old.config","version":"1"},"event":{"count":1,"data":{"created":1590826024512},"id":"registered"}}
{"recorder_version":"11","session":"3b01df94f051","build":"191.7479.19","bucket":"185","time":1590826024505,"group":{"id":"json.schema","version":"1"},"event":{"count":1,"data":{"created":1590826024512},"id":"registered"}}
{"recorder_version":"11","session":"3b01df94f051","build":"191.7479.19","bucket":"185","time":1590826024505,"group":{"id":"terminalShell","version":"1"},"event":{"count":1,"data":{"created":1590826024513},"id":"registered"}}
{"recorder_version":"11","session":"3b01df94f051","build":"191.7479.19","bucket":"185","time":1590826024505,"group":{"id":"completion.postfix","version":"11"},"event":{"count":1,"data":{"created":1590826024513},"id":"registered"}}
{"recorder_version":"11","session":"3b01df94f051","build":"191.7479.19","bucket":"185","time":1590826024505,"group":{"id":"build.ant.actions","version":"1"},"event":{"count":1,"data":{"created":1590826024513},"id":"registered"}}
{"recorder_version":"11","session":"3b01df94f051","build":"191.7479.19","bucket":"185","time":1590826024505,"group":{"id":"actions","version":"11"},"event":{"count":1,"data":{"created":1590826024513},"id":"registered"}}
{"recorder_version":"11","session":"3b01df94f051","build":"191.7479.19","bucket":"185","time":1590826024505,"group":{"id":"run.configuration.exec","version":"11"},"event":{"count":1,"data":{"created":1590826024514},"id":"registered"}}
{"recorder_version":"11","session":"3b01df94f051","build":"191.7479.19","bucket":"185","time":1590826026111,"group":{"id":"performance","version":"11"},"event":{"count":1,"data":{"duration_ms":1,"created":1590826026111},"id":"ui.latency"}}
{"recorder_version":"11","session":"3b01df94f051","build":"191.7479.19","bucket":"185","time":1590826126447,"group":{"id":"performance","version":"11"},"event":{"count":1,"data":{"duration_ms":0,"created":1590826126448},"id":"ui.latency"}}
{"recorder_version":"11","session":"3b01df94f051","build":"191.7479.19","bucket":"185","time":1590826226816,"group":{"id":"performance","version":"11"},"event":{"count":1,"data":{"duration_ms":3,"created":1590826226825},"id":"ui.latency"}}
{"recorder_version":"11","session":"3b01df94f051","build":"191.7479.19","bucket":"185","time":1590826327193,"group":{"id":"performance","version":"11"},"event":{"count":1,"data":{"duration_ms":0,"created":1590826327193},"id":"ui.latency"}}
{"recorder_version":"11","session":"3b01df94f051","build":"191.7479.19","bucket":"185","time":1590826427580,"group":{"id":"performance","version":"11"},"event":{"count":1,"data":{"duration_ms":0,"created":1590826427580},"id":"ui.latency"}}
{"recorder_version":"11","session":"3b01df94f051","build":"191.7479.19","bucket":"185","time":1590826527953,"group":{"id":"performance","version":"11"},"event":{"count":1,"data":{"duration_ms":0,"created":1590826527953},"id":"ui.latency"}}
{"recorder_version":"11","session":"3b01df94f051","build":"191.7479.19","bucket":"185","time":1590826628328,"group":{"id":"performance","version":"11"},"event":{"count":1,"data":{"duration_ms":0,"created":1590826628328},"id":"ui.latency"}}
{"recorder_version":"11","session":"3b01df94f051","build":"191.7479.19","bucket":"185","time":1590826631054,"group":{"id":"os.linux.wm","version":"1"},"event":{"state":true,"data":{"created":1590826631054},"id":"invoked"}}
{"recorder_version":"11","session":"3b01df94f051","build":"191.7479.19","bucket":"185","time":1590826631059,"group":{"id":"platform.registry.application","version":"1"},"event":{"state":true,"data":{"created":1590826631059},"id":"java.completion.argument.hints.internal"}}
{"recorder_version":"11","session":"3b01df94f051","build":"191.7479.19","bucket":"185","time":1590826631059,"group":{"id":"platform.registry.application","version":"1"},"event":{"state":true,"data":{"created":1590826631060},"id":"linux.native.menu"}}
{"recorder_version":"11","session":"3b01df94f051","build":"191.7479.19","bucket":"185","time":1590826631059,"group":{"id":"platform.registry.application","version":"1"},"event":{"state":true,"data":{"created":1590826631060},"id":"recent.and.edited.files.together"}}
{"recorder_version":"11","session":"3b01df94f051","build":"191.7479.19","bucket":"185","time":1590826631059,"group":{"id":"platform.registry.application","version":"1"},"event":{"state":true,"data":{"created":1590826631060},"id":"inline.browse.button"}}
{"recorder_version":"11","session":"3b01df94f051","build":"191.7479.19","bucket":"185","time":1590826631059,"group":{"id":"platform.registry.application","version":"1"},"event":{"state":true,"data":{"created":1590826631060},"id":"invoked"}}
{"recorder_version":"11","session":"3b01df94f051","build":"191.7479.19","bucket":"185","time":1590826631059,"group":{"id":"user.advanced.info","version":"1"},"event":{"state":true,"data":{"created":1590826631060},"id":"release"}}
{"recorder_version":"11","session":"3b01df94f051","build":"191.7479.19","bucket":"185","time":1590826631059,"group":{"id":"user.advanced.info","version":"1"},"event":{"state":true,"data":{"created":1590826631060},"id":"invoked"}}
{"recorder_version":"11","session":"3b01df94f051","build":"191.7479.19","bucket":"185","time":1590826631060,"group":{"id":"vcs.github","version":"1"},"event":{"state":true,"data":{"created":1590826631061},"id":"github.accounts.count.0"}}
{"recorder_version":"11","session":"3b01df94f051","build":"191.7479.19","bucket":"185","time":1590826631060,"group":{"id":"vcs.github","version":"1"},"event":{"state":true,"data":{"created":1590826631061},"id":"github.accounts.not.default.host.disabled"}}
{"recorder_version":"11","session":"3b01df94f051","build":"191.7479.19","bucket":"185","time":1590826631060,"group":{"id":"vcs.github","version":"1"},"event":{"state":true,"data":{"created":1590826631061},"id":"invoked"}}
{"recorder_version":"11","session":"3b01df94f051","build":"191.7479.19","bucket":"185","time":1590826631061,"group":{"id":"ui.accessibility.screen.reader","version":"1"},"event":{"state":true,"data":{"os":"Mac","created":1590826631061},"id":"screen.reader.DISABLED"}}
{"recorder_version":"11","session":"3b01df94f051","build":"191.7479.19","bucket":"185","time":1590826631061,"group":{"id":"ui.accessibility.screen.reader","version":"1"},"event":{"state":true,"data":{"created":1590826631061},"id":"invoked"}}
{"recorder_version":"11","session":"3b01df94f051","build":"191.7479.19","bucket":"185","time":1590826631061,"group":{"id":"keymaps.name","version":"1"},"event":{"state":true,"data":{"os":"Mac","created":1590826631061},"id":"Mac_OS_X"}}
{"recorder_version":"11","session":"3b01df94f051","build":"191.7479.19","bucket":"185","time":1590826631061,"group":{"id":"keymaps.name","version":"1"},"event":{"state":true,"data":{"created":1590826631062},"id":"invoked"}}
{"recorder_version":"11","session":"3b01df94f051","build":"191.7479.19","bucket":"185","time":1590826631077,"group":{"id":"vcs.diff","version":"1"},"event":{"state":true,"data":{"created":1590826631077},"id":"show.warnings.policy.TestsFiledAssertions.inspections"}}
{"recorder_version":"11","session":"3b01df94f051","build":"191.7479.19","bucket":"185","time":1590826631077,"group":{"id":"vcs.diff","version":"1"},"event":{"state":true,"data":{"created":1590826631077},"id":"use.unified.diff.Default.disabled"}}
{"recorder_version":"11","session":"3b01df94f051","build":"191.7479.19","bucket":"185","time":1590826631077,"group":{"id":"vcs.diff","version":"1"},"event":{"state":true,"data":{"created":1590826631077},"id":"collapse.unchanged.VcsLogView.enabled"}}
{"recorder_version":"11","session":"3b01df94f051","build":"191.7479.19","bucket":"185","time":1590826631077,"group":{"id":"vcs.diff","version":"1"},"event":{"state":true,"data":{"created":1590826631077},"id":"ignore.policy.Default.default"}}
{"recorder_version":"11","session":"3b01df94f051","build":"191.7479.19","bucket":"185","time":1590826631077,"group":{"id":"vcs.diff","version":"1"},"event":{"state":true,"data":{"created":1590826631078},"id":"use.soft.wraps.Merge.disabled"}}
{"recorder_version":"11","session":"3b01df94f051","build":"191.7479.19","bucket":"185","time":1590826631077,"group":{"id":"vcs.diff","version":"1"},"event":{"state":true,"data":{"created":1590826631078},"id":"show.line.numbers.TestsFiledAssertions.enabled"}}
{"recorder_version":"11","session":"3b01df94f051","build":"191.7479.19","bucket":"185","time":1590826631077,"group":{"id":"vcs.diff","version":"1"},"event":{"state":true,"data":{"created":1590826631078},"id":"show.line.numbers.ChangesView.enabled"}}
{"recorder_version":"11","session":"3b01df94f051","build":"191.7479.19","bucket":"185","time":1590826631077,"group":{"id":"vcs.diff","version":"1"},"event":{"state":true,"data":{"created":1590826631079},"id":"ignore.policy.VcsLogView.default"}}
{"recorder_version":"11","session":"3b01df94f051","build":"191.7479.19","bucket":"185","time":1590826631077,"group":{"id":"vcs.diff","version":"1"},"event":{"state":true,"data":{"created":1590826631079},"id":"highlight.policy.VcsLogView.by_word"}}
{"recorder_version":"11","session":"3b01df94f051","build":"191.7479.19","bucket":"185","time":1590826631077,"group":{"id":"vcs.diff","version":"1"},"event":{"state":true,"data":{"created":1590826631079},"id":"use.soft.wraps.TestsFiledAssertions.disabled"}}
{"recorder_version":"11","session":"3b01df94f051","build":"191.7479.19","bucket":"185","time":1590826631077,"group":{"id":"vcs.diff","version":"1"},"event":{"state":true,"data":{"created":1590826631079},"id":"show.warnings.policy.ChangesView.inspections"}}
{"recorder_version":"11","session":"3b01df94f051","build":"191.7479.19","bucket":"185","time":1590826631077,"group":{"id":"vcs.diff","version":"1"},"event":{"state":true,"data":{"created":1590826631079},"id":"use.soft.wraps.ChangesView.disabled"}}
{"recorder_version":"11","session":"3b01df94f051","build":"191.7479.19","bucket":"185","time":1590826631077,"group":{"id":"vcs.diff","version":"1"},"event":{"state":true,"data":{"created":1590826631079},"id":"use.soft.wraps.VcsLogView.disabled"}}
{"recorder_version":"11","session":"3b01df94f051","build":"191.7479.19","bucket":"185","time":1590826631077,"group":{"id":"vcs.diff","version":"1"},"event":{"state":true,"data":{"created":1590826631080},"id":"collapse.unchanged.Merge.disabled"}}
{"recorder_version":"11","session":"3b01df94f051","build":"191.7479.19","bucket":"185","time":1590826631077,"group":{"id":"vcs.diff","version":"1"},"event":{"state":true,"data":{"created":1590826631080},"id":"external.merge.disabled"}}
{"recorder_version":"11","session":"3b01df94f051","build":"191.7479.19","bucket":"185","time":1590826631077,"group":{"id":"vcs.diff","version":"1"},"event":{"state":true,"data":{"created":1590826631080},"id":"show.line.numbers.CommitDialog.enabled"}}
{"recorder_version":"11","session":"3b01df94f051","build":"191.7479.19","bucket":"185","time":1590826631077,"group":{"id":"vcs.diff","version":"1"},"event":{"state":true,"data":{"created":1590826631080},"id":"ignore.policy.TestsFiledAssertions.default"}}
{"recorder_version":"11","session":"3b01df94f051","build":"191.7479.19","bucket":"185","time":1590826631077,"group":{"id":"vcs.diff","version":"1"},"event":{"state":true,"data":{"created":1590826631082},"id":"show.warnings.policy.Merge.inspections"}}
{"recorder_version":"11","session":"3b01df94f051","build":"191.7479.19","bucket":"185","time":1590826631077,"group":{"id":"vcs.diff","version":"1"},"event":{"state":true,"data":{"created":1590826631082},"id":"show.line.numbers.Merge.enabled"}}
{"recorder_version":"11","session":"3b01df94f051","build":"191.7479.19","bucket":"185","time":1590826631077,"group":{"id":"vcs.diff","version":"1"},"event":{"state":true,"data":{"created":1590826631083},"id":"ignore.policy.Merge.default"}}
{"recorder_version":"11","session":"3b01df94f051","build":"191.7479.19","bucket":"185","time":1590826631077,"group":{"id":"vcs.diff","version":"1"},"event":{"state":true,"data":{"created":1590826631083},"id":"collapse.unchanged.ChangesView.enabled"}}
{"recorder_version":"11","session":"3b01df94f051","build":"191.7479.19","bucket":"185","time":1590826631077,"group":{"id":"vcs.diff","version":"1"},"event":{"state":true,"data":{"created":1590826631083},"id":"use.soft.wraps.CommitDialog.disabled"}}
{"recorder_version":"11","session":"3b01df94f051","build":"191.7479.19","bucket":"185","time":1590826631077,"group":{"id":"vcs.diff","version":"1"},"event":{"state":true,"data":{"created":1590826631083},"id":"use.unified.diff.TestsFiledAssertions.disabled"}}
{"recorder_version":"11","session":"3b01df94f051","build":"191.7479.19","bucket":"185","time":1590826631077,"group":{"id":"vcs.diff","version":"1"},"event":{"state":true,"data":{"created":1590826631083},"id":"use.unified.diff.CommitDialog.disabled"}}
{"recorder_version":"11","session":"3b01df94f051","build":"191.7479.19","bucket":"185","time":1590826631077,"group":{"id":"vcs.diff","version":"1"},"event":{"state":true,"data":{"created":1590826631083},"id":"show.warnings.policy.VcsLogView.inspections"}}
{"recorder_version":"11","session":"3b01df94f051","build":"191.7479.19","bucket":"185","time":1590826631077,"group":{"id":"vcs.diff","version":"1"},"event":{"state":true,"data":{"created":1590826631083},"id":"external.diff.disabled"}}
{"recorder_version":"11","session":"3b01df94f051","build":"191.7479.19","bucket":"185","time":1590826631077,"group":{"id":"vcs.diff","version":"1"},"event":{"state":true,"data":{"created":1590826631083},"id":"use.unified.diff.VcsLogView.enabled"}}
{"recorder_version":"11","session":"3b01df94f051","build":"191.7479.19","bucket":"185","time":1590826631077,"group":{"id":"vcs.diff","version":"1"},"event":{"state":true,"data":{"created":1590826631086},"id":"highlight.policy.ChangesView.by_word"}}
{"recorder_version":"11","session":"3b01df94f051","build":"191.7479.19","bucket":"185","time":1590826631077,"group":{"id":"vcs.diff","version":"1"},"event":{"state":true,"data":{"created":1590826631086},"id":"collapse.unchanged.Default.disabled"}}
{"recorder_version":"11","session":"3b01df94f051","build":"191.7479.19","bucket":"185","time":1590826631077,"group":{"id":"vcs.diff","version":"1"},"event":{"state":true,"data":{"created":1590826631086},"id":"collapse.unchanged.CommitDialog.enabled"}}
{"recorder_version":"11","session":"3b01df94f051","build":"191.7479.19","bucket":"185","time":1590826631077,"group":{"id":"vcs.diff","version":"1"},"event":{"state":true,"data":{"created":1590826631086},"id":"highlight.policy.CommitDialog.by_word"}}
{"recorder_version":"11","session":"3b01df94f051","build":"191.7479.19","bucket":"185","time":1590826631077,"group":{"id":"vcs.diff","version":"1"},"event":{"state":true,"data":{"created":1590826631086},"id":"show.warnings.policy.CommitDialog.inspections"}}
{"recorder_version":"11","session":"3b01df94f051","build":"191.7479.19","bucket":"185","time":1590826631077,"group":{"id":"vcs.diff","version":"1"},"event":{"state":true,"data":{"created":1590826631086},"id":"show.line.numbers.VcsLogView.enabled"}}
{"recorder_version":"11","session":"3b01df94f051","build":"191.7479.19","bucket":"185","time":1590826631077,"group":{"id":"vcs.diff","version":"1"},"event":{"state":true,"data":{"created":1590826631086},"id":"show.warnings.policy.Default.inspections"}}
{"recorder_version":"11","session":"3b01df94f051","build":"191.7479.19","bucket":"185","time":1590826631077,"group":{"id":"vcs.diff","version":"1"},"event":{"state":true,"data":{"created":1590826631086},"id":"highlight.policy.Merge.by_word"}}
{"recorder_version":"11","session":"3b01df94f051","build":"191.7479.19","bucket":"185","time":1590826631077,"group":{"id":"vcs.diff","version":"1"},"event":{"state":true,"data":{"created":1590826631086},"id":"use.soft.wraps.Default.disabled"}}
{"recorder_version":"11","session":"3b01df94f051","build":"191.7479.19","bucket":"185","time":1590826631077,"group":{"id":"vcs.diff","version":"1"},"event":{"state":true,"data":{"created":1590826631086},"id":"highlight.policy.Default.by_word"}}
{"recorder_version":"11","session":"3b01df94f051","build":"191.7479.19","bucket":"185","time":1590826631077,"group":{"id":"vcs.diff","version":"1"},"event":{"state":true,"data":{"created":1590826631087},"id":"use.unified.diff.ChangesView.disabled"}}
{"recorder_version":"11","session":"3b01df94f051","build":"191.7479.19","bucket":"185","time":1590826631077,"group":{"id":"vcs.diff","version":"1"},"event":{"state":true,"data":{"created":1590826631087},"id":"ignore.policy.CommitDialog.default"}}
{"recorder_version":"11","session":"3b01df94f051","build":"191.7479.19","bucket":"185","time":1590826631077,"group":{"id":"vcs.diff","version":"1"},"event":{"state":true,"data":{"created":1590826631087},"id":"enable.read.lock.CommitDialog.enabled"}}
{"recorder_version":"11","session":"3b01df94f051","build":"191.7479.19","bucket":"185","time":1590826631077,"group":{"id":"vcs.diff","version":"1"},"event":{"state":true,"data":{"created":1590826631087},"id":"external.diff.default.disabled"}}
{"recorder_version":"11","session":"3b01df94f051","build":"191.7479.19","bucket":"185","time":1590826631077,"group":{"id":"vcs.diff","version":"1"},"event":{"state":true,"data":{"created":1590826631087},"id":"show.line.numbers.Default.enabled"}}
{"recorder_version":"11","session":"3b01df94f051","build":"191.7479.19","bucket":"185","time":1590826631077,"group":{"id":"vcs.diff","version":"1"},"event":{"state":true,"data":{"created":1590826631087},"id":"collapse.unchanged.TestsFiledAssertions.disabled"}}
{"recorder_version":"11","session":"3b01df94f051","build":"191.7479.19","bucket":"185","time":1590826631077,"group":{"id":"vcs.diff","version":"1"},"event":{"state":true,"data":{"created":1590826631087},"id":"highlight.policy.TestsFiledAssertions.by_word"}}
{"recorder_version":"11","session":"3b01df94f051","build":"191.7479.19","bucket":"185","time":1590826631077,"group":{"id":"vcs.diff","version":"1"},"event":{"state":true,"data":{"created":1590826631088},"id":"iterate.next.file.enabled"}}
{"recorder_version":"11","session":"3b01df94f051","build":"191.7479.19","bucket":"185","time":1590826631077,"group":{"id":"vcs.diff","version":"1"},"event":{"state":true,"data":{"created":1590826631088},"id":"ignore.policy.ChangesView.default"}}
{"recorder_version":"11","session":"3b01df94f051","build":"191.7479.19","bucket":"185","time":1590826631077,"group":{"id":"vcs.diff","version":"1"},"event":{"state":true,"data":{"created":1590826631088},"id":"use.unified.diff.Merge.disabled"}}
{"recorder_version":"11","session":"3b01df94f051","build":"191.7479.19","bucket":"185","time":1590826631077,"group":{"id":"vcs.diff","version":"1"},"event":{"state":true,"data":{"created":1590826631088},"id":"invoked"}}
{"recorder_version":"11","session":"3b01df94f051","build":"191.7479.19","bucket":"185","time":1590826631077,"group":{"id":"ui.hidpi.mode","version":"1"},"event":{"state":true,"data":{"os":"Mac","created":1590826631088},"id":"per_monitor_dpi"}}
{"recorder_version":"11","session":"3b01df94f051","build":"191.7479.19","bucket":"185","time":1590826631077,"group":{"id":"ui.hidpi.mode","version":"1"},"event":{"state":true,"data":{"created":1590826631089},"id":"invoked"}}
{"recorder_version":"11","session":"3b01df94f051","build":"191.7479.19","bucket":"185","time":1590826631078,"group":{"id":"vcs.log.index.application","version":"1"},"event":{"state":true,"data":{"created":1590826631089},"id":"invoked"}}
{"recorder_version":"11","session":"3b01df94f051","build":"191.7479.19","bucket":"185","time":1590826631106,"group":{"id":"editor.settings.ide","version":"1"},"event":{"state":true,"data":{"created":1590826631106},"id":"completionHints"}}
{"recorder_version":"11","session":"3b01df94f051","build":"191.7479.19","bucket":"185","time":1590826631106,"group":{"id":"editor.settings.ide","version":"1"},"event":{"state":true,"data":{"created":1590826631107},"id":"invoked"}}
{"recorder_version":"11","session":"3b01df94f051","build":"191.7479.19","bucket":"185","time":1590826631108,"group":{"id":"plugins.non.bundled","version":"1"},"event":{"state":true,"data":{"created":1590826631112},"id":"invoked"}}
{"recorder_version":"11","session":"3b01df94f051","build":"191.7479.19","bucket":"185","time":1590826631114,"group":{"id":"ui.info.features","version":"1"},"event":{"state":true,"data":{"grouped":"[30_50]","os":"Mac","created":1590826631116},"id":"recent.files"}}
{"recorder_version":"11","session":"3b01df94f051","build":"191.7479.19","bucket":"185","time":1590826631114,"group":{"id":"ui.info.features","version":"1"},"event":{"state":true,"data":{"os":"Mac","created":1590826631116},"id":"Gutter.Icons"}}
{"recorder_version":"11","session":"3b01df94f051","build":"191.7479.19","bucket":"185","time":1590826631114,"group":{"id":"ui.info.features","version":"1"},"event":{"state":true,"data":{"os":"Mac","created":1590826631116},"id":"Tool.Window.buttons.hidden"}}
{"recorder_version":"11","session":"3b01df94f051","build":"191.7479.19","bucket":"185","time":1590826631114,"group":{"id":"ui.info.features","version":"1"},"event":{"state":true,"data":{"os":"Mac","created":1590826631116},"id":"Status.bar.visible"}}
{"recorder_version":"11","session":"3b01df94f051","build":"191.7479.19","bucket":"185","time":1590826631114,"group":{"id":"ui.info.features","version":"1"},"event":{"state":true,"data":{"os":"Mac","created":1590826631116},"id":"Toolbar.hidden"}}
{"recorder_version":"11","session":"3b01df94f051","build":"191.7479.19","bucket":"185","time":1590826631114,"group":{"id":"ui.info.features","version":"1"},"event":{"state":true,"data":{"os":"Mac","created":1590826631116},"id":"Recent.Files[30_50]"}}
{"recorder_version":"11","session":"3b01df94f051","build":"191.7479.19","bucket":"185","time":1590826631114,"group":{"id":"ui.info.features","version":"1"},"event":{"state":true,"data":{"os":"Mac","created":1590826631116},"id":"Nav.Bar.visible"}}
{"recorder_version":"11","session":"3b01df94f051","build":"191.7479.19","bucket":"185","time":1590826631114,"group":{"id":"ui.info.features","version":"1"},"event":{"state":true,"data":{"os":"Mac","created":1590826631127},"id":"Allow.merging.buttons.enabled"}}
{"recorder_version":"11","session":"3b01df94f051","build":"191.7479.19","bucket":"185","time":1590826631114,"group":{"id":"ui.info.features","version":"1"},"event":{"state":true,"data":{"os":"Mac","created":1590826631127},"id":"Tabs.Top"}}
{"recorder_version":"11","session":"3b01df94f051","build":"191.7479.19","bucket":"185","time":1590826631114,"group":{"id":"ui.info.features","version":"1"},"event":{"state":true,"data":{"os":"Mac","created":1590826631127},"id":"Retina"}}
{"recorder_version":"11","session":"3b01df94f051","build":"191.7479.19","bucket":"185","time":1590826631114,"group":{"id":"ui.info.features","version":"1"},"event":{"state":true,"data":{"os":"Mac","created":1590826631128},"id":"Toolbar.and.NavBar"}}
{"recorder_version":"11","session":"3b01df94f051","build":"191.7479.19","bucket":"185","time":1590826631114,"group":{"id":"ui.info.features","version":"1"},"event":{"state":true,"data":{"os":"Mac","created":1590826631128},"id":"Line.Numbers"}}
{"recorder_version":"11","session":"3b01df94f051","build":"191.7479.19","bucket":"185","time":1590826631114,"group":{"id":"ui.info.features","version":"1"},"event":{"state":true,"data":{"created":1590826631128},"id":"invoked"}}
{"recorder_version":"11","session":"3b01df94f051","build":"191.7479.19","bucket":"185","time":1590826631115,"group":{"id":"ui.fonts","version":"1"},"event":{"state":true,"data":{"os":"Mac","created":1590826631128},"id":"IDE.editor.font.name[Menlo]"}}
{"recorder_version":"11","session":"3b01df94f051","build":"191.7479.19","bucket":"185","time":1590826631115,"group":{"id":"ui.fonts","version":"1"},"event":{"state":true,"data":{"os":"Mac","created":1590826631128},"id":"Presentation.mode.font.size[24]"}}
{"recorder_version":"11","session":"3b01df94f051","build":"191.7479.19","bucket":"185","time":1590826631115,"group":{"id":"ui.fonts","version":"1"},"event":{"state":true,"data":{"os":"Mac","created":1590826631129},"id":"IDE.editor.font.size[12]"}}
{"recorder_version":"11","session":"3b01df94f051","build":"191.7479.19","bucket":"185","time":1590826631115,"group":{"id":"ui.fonts","version":"1"},"event":{"state":true,"data":{"os":"Mac","created":1590826631129},"id":"UI.font.name[Lucida_Grande]"}}
{"recorder_version":"11","session":"3b01df94f051","build":"191.7479.19","bucket":"185","time":1590826631115,"group":{"id":"ui.fonts","version":"1"},"event":{"state":true,"data":{"os":"Mac","created":1590826631129},"id":"UI.font.size[13]"}}
{"recorder_version":"11","session":"3b01df94f051","build":"191.7479.19","bucket":"185","time":1590826631115,"group":{"id":"ui.fonts","version":"1"},"event":{"state":true,"data":{"created":1590826631129},"id":"invoked"}}
{"recorder_version":"11","session":"3b01df94f051","build":"191.7479.19","bucket":"185","time":1590826631117,"group":{"id":"plugins.disabled","version":"1"},"event":{"state":true,"data":{"created":1590826631129},"id":"invoked"}}
{"recorder_version":"11","session":"3b01df94f051","build":"191.7479.19","bucket":"185","time":1590826631117,"group":{"id":"ui.look.and.feel","version":"1"},"event":{"state":true,"data":{"os":"Mac","created":1590826631129},"id":"Light"}}
{"recorder_version":"11","session":"3b01df94f051","build":"191.7479.19","bucket":"185","time":1590826631117,"group":{"id":"ui.look.and.feel","version":"1"},"event":{"state":true,"data":{"created":1590826631130},"id":"invoked"}}
{"recorder_version":"11","session":"3b01df94f051","build":"191.7479.19","bucket":"185","time":1590826631131,"group":{"id":"ui.screen.scale","version":"1"},"event":{"state":true,"data":{"os":"Mac","created":1590826631131},"id":"ScaledMode_2.0"}}
{"recorder_version":"11","session":"3b01df94f051","build":"191.7479.19","bucket":"185","time":1590826631131,"group":{"id":"ui.screen.scale","version":"1"},"event":{"state":true,"data":{"created":1590826631131},"id":"invoked"}}
{"recorder_version":"11","session":"3b01df94f051","build":"191.7479.19","bucket":"185","time":1590826728684,"group":{"id":"performance","version":"11"},"event":{"count":1,"data":{"duration_ms":0,"created":1590826728685},"id":"ui.latency"}}
{"recorder_version":"11","session":"3b01df94f051","build":"191.7479.19","bucket":"185","time":1590826829085,"group":{"id":"performance","version":"11"},"event":{"count":1,"data":{"duration_ms":0,"created":1590826829085},"id":"ui.latency"}}
{"recorder_version":"11","session":"3b01df94f051","build":"191.7479.19","bucket":"185","time":1590826929465,"group":{"id":"performance","version":"11"},"event":{"count":1,"data":{"duration_ms":0,"created":1590826929465},"id":"ui.latency"}}
{"recorder_version":"11","session":"3b01df94f051","build":"191.7479.19","bucket":"185","time":1590827029824,"group":{"id":"performance","version":"11"},"event":{"count":1,"data":{"duration_ms":1,"created":1590827029824},"id":"ui.latency"}}
{"recorder_version":"11","session":"3b01df94f051","build":"191.7479.19","bucket":"185","time":1590827130199,"group":{"id":"performance","version":"11"},"event":{"count":1,"data":{"duration_ms":0,"created":1590827130200},"id":"ui.latency"}}
{"recorder_version":"11","session":"3b01df94f051","build":"191.7479.19","bucket":"185","time":1590827230570,"group":{"id":"performance","version":"11"},"event":{"count":1,"data":{"duration_ms":0,"created":1590827230570},"id":"ui.latency"}}
{"recorder_version":"11","session":"3b01df94f051","build":"191.7479.19","bucket":"185","time":1590827330946,"group":{"id":"performance","version":"11"},"event":{"count":1,"data":{"duration_ms":1,"created":1590827330946},"id":"ui.latency"}}
{"recorder_version":"11","session":"3b01df94f051","build":"191.7479.19","bucket":"185","time":1590827431278,"group":{"id":"performance","version":"11"},"event":{"count":1,"data":{"duration_ms":0,"created":1590827431278},"id":"ui.latency"}}
{"recorder_version":"11","session":"3b01df94f051","build":"191.7479.19","bucket":"185","time":1590827526723,"group":{"id":"disabled.listed.tools","version":"2"},"event":{"state":true,"data":{"created":1590827526723,"project":"34ef29c631774da54ecac16d2fc1f412ee6c216a60d7e3312deb717707282d5a"},"id":"invoked"}}
{"recorder_version":"11","session":"3b01df94f051","build":"191.7479.19","bucket":"185","time":1590827526726,"group":{"id":"run.configuration.type.temp","version":"1"},"event":{"state":true,"data":{"created":1590827526726,"project":"34ef29c631774da54ecac16d2fc1f412ee6c216a60d7e3312deb717707282d5a"},"id":"invoked"}}
{"recorder_version":"11","session":"3b01df94f051","build":"191.7479.19","bucket":"185","time":1590827526727,"group":{"id":"editor.settings.project","version":"1"},"event":{"state":true,"data":{"created":1590827526727,"project":"34ef29c631774da54ecac16d2fc1f412ee6c216a60d7e3312deb717707282d5a"},"id":"invoked"}}
{"recorder_version":"11","session":"3b01df94f051","build":"191.7479.19","bucket":"185","time":1590827526728,"group":{"id":"enabled.bundled.tools","version":"2"},"event":{"state":true,"data":{"created":1590827526728,"project":"34ef29c631774da54ecac16d2fc1f412ee6c216a60d7e3312deb717707282d5a"},"id":"invoked"}}
{"recorder_version":"11","session":"3b01df94f051","build":"191.7479.19","bucket":"185","time":1590827526729,"group":{"id":"vcs.log.data","version":"1"},"event":{"state":true,"data":{"created":1590827526729,"project":"34ef29c631774da54ecac16d2fc1f412ee6c216a60d7e3312deb717707282d5a"},"id":"invoked"}}
{"recorder_version":"11","session":"3b01df94f051","build":"191.7479.19","bucket":"185","time":1590827526730,"group":{"id":"disabled.bundled.tools","version":"2"},"event":{"state":true,"data":{"created":1590827526731,"project":"34ef29c631774da54ecac16d2fc1f412ee6c216a60d7e3312deb717707282d5a"},"id":"invoked"}}
{"recorder_version":"11","session":"3b01df94f051","build":"191.7479.19","bucket":"185","time":1590827526731,"group":{"id":"vcs.names","version":"1"},"event":{"state":true,"data":{"created":1590827526731,"project":"34ef29c631774da54ecac16d2fc1f412ee6c216a60d7e3312deb717707282d5a"},"id":"invoked"}}
{"recorder_version":"11","session":"3b01df94f051","build":"191.7479.19","bucket":"185","time":1590827526732,"group":{"id":"build.maven.state","version":"1"},"event":{"state":true,"data":{"created":1590827526732,"project":"34ef29c631774da54ecac16d2fc1f412ee6c216a60d7e3312deb717707282d5a"},"id":"invoked"}}
{"recorder_version":"11","session":"3b01df94f051","build":"191.7479.19","bucket":"185","time":1590827526732,"group":{"id":"run.dashboard","version":"1"},"event":{"state":true,"data":{"created":1590827526732,"project":"34ef29c631774da54ecac16d2fc1f412ee6c216a60d7e3312deb717707282d5a"},"id":"run.dashboard.disabled"}}
{"recorder_version":"11","session":"3b01df94f051","build":"191.7479.19","bucket":"185","time":1590827526732,"group":{"id":"run.dashboard","version":"1"},"event":{"state":true,"data":{"created":1590827526732,"project":"34ef29c631774da54ecac16d2fc1f412ee6c216a60d7e3312deb717707282d5a"},"id":"invoked"}}
{"recorder_version":"11","session":"3b01df94f051","build":"191.7479.19","bucket":"185","time":1590827526740,"group":{"id":"project.structure","version":"1"},"event":{"state":true,"data":{"created":1590827526740,"project":"34ef29c631774da54ecac16d2fc1f412ee6c216a60d7e3312deb717707282d5a"},"id":"package.prefix.not.used"}}
{"recorder_version":"11","session":"3b01df94f051","build":"191.7479.19","bucket":"185","time":1590827526740,"group":{"id":"project.structure","version":"1"},"event":{"state":true,"data":{"created":1590827526741,"project":"34ef29c631774da54ecac16d2fc1f412ee6c216a60d7e3312deb717707282d5a"},"id":"content.roots.count.1"}}
{"recorder_version":"11","session":"3b01df94f051","build":"191.7479.19","bucket":"185","time":1590827526740,"group":{"id":"project.structure","version":"1"},"event":{"state":true,"data":{"created":1590827526741,"project":"34ef29c631774da54ecac16d2fc1f412ee6c216a60d7e3312deb717707282d5a"},"id":"excluded.roots.count.0"}}
{"recorder_version":"11","session":"3b01df94f051","build":"191.7479.19","bucket":"185","time":1590827526740,"group":{"id":"project.structure","version":"1"},"event":{"state":true,"data":{"created":1590827526741,"project":"34ef29c631774da54ecac16d2fc1f412ee6c216a60d7e3312deb717707282d5a"},"id":"modules.count.1"}}
{"recorder_version":"11","session":"3b01df94f051","build":"191.7479.19","bucket":"185","time":1590827526740,"group":{"id":"project.structure","version":"1"},"event":{"state":true,"data":{"created":1590827526741,"project":"34ef29c631774da54ecac16d2fc1f412ee6c216a60d7e3312deb717707282d5a"},"id":"source.root.java-source.1"}}
{"recorder_version":"11","session":"3b01df94f051","build":"191.7479.19","bucket":"185","time":1590827526740,"group":{"id":"project.structure","version":"1"},"event":{"state":true,"data":{"created":1590827526741,"project":"34ef29c631774da54ecac16d2fc1f412ee6c216a60d7e3312deb717707282d5a"},"id":"source.roots.count.1"}}
{"recorder_version":"11","session":"3b01df94f051","build":"191.7479.19","bucket":"185","time":1590827526740,"group":{"id":"project.structure","version":"1"},"event":{"state":true,"data":{"created":1590827526741,"project":"34ef29c631774da54ecac16d2fc1f412ee6c216a60d7e3312deb717707282d5a"},"id":"invoked"}}
{"recorder_version":"11","session":"3b01df94f051","build":"191.7479.19","bucket":"185","time":1590827526741,"group":{"id":"module.facets","version":"1"},"event":{"state":true,"data":{"created":1590827526741,"project":"34ef29c631774da54ecac16d2fc1f412ee6c216a60d7e3312deb717707282d5a"},"id":"invoked"}}
{"recorder_version":"11","session":"3b01df94f051","build":"191.7479.19","bucket":"185","time":1590827526741,"group":{"id":"build.gradle.state","version":"1"},"event":{"state":true,"data":{"created":1590827526741,"project":"34ef29c631774da54ecac16d2fc1f412ee6c216a60d7e3312deb717707282d5a"},"id":"invoked"}}
{"recorder_version":"11","session":"3b01df94f051","build":"191.7479.19","bucket":"185","time":1590827526745,"group":{"id":"vcs.git.project.root","version":"1"},"event":{"state":true,"data":{"created":1590827526745,"project":"34ef29c631774da54ecac16d2fc1f412ee6c216a60d7e3312deb717707282d5a"},"id":"invoked"}}
{"recorder_version":"11","session":"3b01df94f051","build":"191.7479.19","bucket":"185","time":1590827526745,"group":{"id":"build.tools","version":"1"},"event":{"state":true,"data":{"created":1590827526746,"project":"34ef29c631774da54ecac16d2fc1f412ee6c216a60d7e3312deb717707282d5a"},"id":"invoked"}}
{"recorder_version":"11","session":"3b01df94f051","build":"191.7479.19","bucket":"185","time":1590827531644,"group":{"id":"performance","version":"11"},"event":{"count":1,"data":{"duration_ms":0,"created":1590827531644},"id":"ui.latency"}}
{"recorder_version":"11","session":"3b01df94f051","build":"191.7479.19","bucket":"185","time":1590827542756,"group":{"id":"javaLibraryJars","version":"1"},"event":{"state":true,"data":{"created":1590827542756,"project":"34ef29c631774da54ecac16d2fc1f412ee6c216a60d7e3312deb717707282d5a"},"id":"invoked"}}
{"recorder_version":"11","session":"3b01df94f051","build":"191.7479.19","bucket":"185","time":1590827542884,"group":{"id":"vcs.svn.format","version":"1"},"event":{"state":true,"data":{"created":1590827542884,"project":"34ef29c631774da54ecac16d2fc1f412ee6c216a60d7e3312deb717707282d5a"},"id":"invoked"}}
{"recorder_version":"11","session":"3b01df94f051","build":"191.7479.19","bucket":"185","time":1590827542964,"group":{"id":"file.types","version":"1"},"event":{"state":true,"data":{"created":1590827542964,"plugin_type":"PLATFORM","project":"34ef29c631774da54ecac16d2fc1f412ee6c216a60d7e3312deb717707282d5a"},"id":"JSON"}}
{"recorder_version":"11","session":"3b01df94f051","build":"191.7479.19","bucket":"185","time":1590827542964,"group":{"id":"file.types","version":"1"},"event":{"state":true,"data":{"created":1590827542964,"plugin_type":"PLATFORM","project":"34ef29c631774da54ecac16d2fc1f412ee6c216a60d7e3312deb717707282d5a"},"id":"IDEA_MODULE"}}
{"recorder_version":"11","session":"3b01df94f051","build":"191.7479.19","bucket":"185","time":1590827542964,"group":{"id":"file.types","version":"1"},"event":{"state":true,"data":{"created":1590827542964,"project":"34ef29c631774da54ecac16d2fc1f412ee6c216a60d7e3312deb717707282d5a"},"id":"invoked"}}
{"recorder_version":"11","session":"3b01df94f051","build":"191.7479.19","bucket":"185","time":1590827542966,"group":{"id":"vcs.log.index.project","version":"1"},"event":{"state":true,"data":{"created":1590827542966,"project":"34ef29c631774da54ecac16d2fc1f412ee6c216a60d7e3312deb717707282d5a"},"id":"invoked"}}
{"recorder_version":"11","session":"3b01df94f051","build":"191.7479.19","bucket":"185","time":1590827542971,"group":{"id":"vcs.options","version":"1"},"event":{"state":true,"data":{"created":1590827542971,"project":"34ef29c631774da54ecac16d2fc1f412ee6c216a60d7e3312deb717707282d5a"},"id":"invoked"}}
{"recorder_version":"11","session":"3b01df94f051","build":"191.7479.19","bucket":"185","time":1590827542974,"group":{"id":"vcs.log.ui","version":"1"},"event":{"state":true,"data":{"created":1590827542974,"project":"34ef29c631774da54ecac16d2fc1f412ee6c216a60d7e3312deb717707282d5a"},"id":"invoked"}}
{"recorder_version":"11","session":"3b01df94f051","build":"191.7479.19","bucket":"185","time":1590827542975,"group":{"id":"run.configuration.type","version":"1"},"event":{"state":true,"data":{"created":1590827542975,"project":"34ef29c631774da54ecac16d2fc1f412ee6c216a60d7e3312deb717707282d5a"},"id":"invoked"}}
{"recorder_version":"11","session":"3b01df94f051","build":"191.7479.19","bucket":"185","time":1590827542981,"group":{"id":"debugger.breakpoints","version":"1"},"event":{"state":true,"data":{"created":1590827542981,"project":"34ef29c631774da54ecac16d2fc1f412ee6c216a60d7e3312deb717707282d5a"},"id":"total.0"}}
{"recorder_version":"11","session":"3b01df94f051","build":"191.7479.19","bucket":"185","time":1590827542981,"group":{"id":"debugger.breakpoints","version":"1"},"event":{"state":true,"data":{"created":1590827542981,"project":"34ef29c631774da54ecac16d2fc1f412ee6c216a60d7e3312deb717707282d5a"},"id":"invoked"}}
{"recorder_version":"11","session":"3b01df94f051","build":"191.7479.19","bucket":"185","time":1590827543021,"group":{"id":"build.ant.state","version":"1"},"event":{"state":true,"data":{"created":1590827543024,"project":"34ef29c631774da54ecac16d2fc1f412ee6c216a60d7e3312deb717707282d5a"},"id":"invoked"}}
{"recorder_version":"11","session":"3b01df94f051","build":"191.7479.19","bucket":"185","time":1590827543022,"group":{"id":"build.tools.state","version":"1"},"event":{"state":true,"data":{"created":1590827543024,"externalSystemId":"Gradle","project":"34ef29c631774da54ecac16d2fc1f412ee6c216a60d7e3312deb717707282d5a"},"id":"numberOfLinkedProject.0"}}
{"recorder_version":"11","session":"3b01df94f051","build":"191.7479.19","bucket":"185","time":1590827543023,"group":{"id":"build.tools.state","version":"1"},"event":{"state":true,"data":{"created":1590827543024,"project":"34ef29c631774da54ecac16d2fc1f412ee6c216a60d7e3312deb717707282d5a"},"id":"invoked"}}
{"recorder_version":"11","session":"3b01df94f051","build":"191.7479.19","bucket":"185","time":1590827543030,"group":{"id":"vcs.git.settings","version":"1"},"event":{"state":true,"data":{"created":1590827543036,"project":"34ef29c631774da54ecac16d2fc1f412ee6c216a60d7e3312deb717707282d5a"},"id":"config.cherry-pick.autocommit.disabled"}}
{"recorder_version":"11","session":"3b01df94f051","build":"191.7479.19","bucket":"185","time":1590827543030,"group":{"id":"vcs.git.settings","version":"1"},"event":{"state":true,"data":{"created":1590827543037,"project":"34ef29c631774da54ecac16d2fc1f412ee6c216a60d7e3312deb717707282d5a"},"id":"config.save.policy.STASH"}}
{"recorder_version":"11","session":"3b01df94f051","build":"191.7479.19","bucket":"185","time":1590827543030,"group":{"id":"vcs.git.settings","version":"1"},"event":{"state":true,"data":{"created":1590827543037,"project":"34ef29c631774da54ecac16d2fc1f412ee6c216a60d7e3312deb717707282d5a"},"id":"config.warn.about.detached.enabled"}}
{"recorder_version":"11","session":"3b01df94f051","build":"191.7479.19","bucket":"185","time":1590827543030,"group":{"id":"vcs.git.settings","version":"1"},"event":{"state":true,"data":{"created":1590827543037,"project":"34ef29c631774da54ecac16d2fc1f412ee6c216a60d7e3312deb717707282d5a"},"id":"config.update.type.BRANCH_DEFAULT"}}
{"recorder_version":"11","session":"3b01df94f051","build":"191.7479.19","bucket":"185","time":1590827543030,"group":{"id":"vcs.git.settings","version":"1"},"event":{"state":true,"data":{"created":1590827543037,"project":"34ef29c631774da54ecac16d2fc1f412ee6c216a60d7e3312deb717707282d5a"},"id":"config.repo.sync.NOT_DECIDED"}}
{"recorder_version":"11","session":"3b01df94f051","build":"191.7479.19","bucket":"185","time":1590827543030,"group":{"id":"vcs.git.settings","version":"1"},"event":{"state":true,"data":{"created":1590827543037,"project":"34ef29c631774da54ecac16d2fc1f412ee6c216a60d7e3312deb717707282d5a"},"id":"config.ssh.disabled"}}
{"recorder_version":"11","session":"3b01df94f051","build":"191.7479.19","bucket":"185","time":1590827543030,"group":{"id":"vcs.git.settings","version":"1"},"event":{"state":true,"data":{"created":1590827543038,"project":"34ef29c631774da54ecac16d2fc1f412ee6c216a60d7e3312deb717707282d5a"},"id":"config.push.update.all.roots.enabled"}}
{"recorder_version":"11","session":"3b01df94f051","build":"191.7479.19","bucket":"185","time":1590827543030,"group":{"id":"vcs.git.settings","version":"1"},"event":{"state":true,"data":{"created":1590827543038,"project":"34ef29c631774da54ecac16d2fc1f412ee6c216a60d7e3312deb717707282d5a","type":"NULL","version":"0.0.0"},"id":"version"}}
{"recorder_version":"11","session":"3b01df94f051","build":"191.7479.19","bucket":"185","time":1590827543030,"group":{"id":"vcs.git.settings","version":"1"},"event":{"state":true,"data":{"created":1590827543038,"project":"34ef29c631774da54ecac16d2fc1f412ee6c216a60d7e3312deb717707282d5a"},"id":"config.push.autoupdate.disabled"}}
{"recorder_version":"11","session":"3b01df94f051","build":"191.7479.19","bucket":"185","time":1590827543030,"group":{"id":"vcs.git.settings","version":"1"},"event":{"state":true,"data":{"created":1590827543042,"project":"34ef29c631774da54ecac16d2fc1f412ee6c216a60d7e3312deb717707282d5a"},"id":"config.warn.about.crlf.enabled"}}
{"recorder_version":"11","session":"3b01df94f051","build":"191.7479.19","bucket":"185","time":1590827543030,"group":{"id":"vcs.git.settings","version":"1"},"event":{"state":true,"data":{"created":1590827543042,"project":"34ef29c631774da54ecac16d2fc1f412ee6c216a60d7e3312deb717707282d5a"},"id":"invoked"}}
{"recorder_version":"11","session":"3b01df94f051","build":"191.7479.19","bucket":"185","time":1590827543030,"group":{"id":"java.compiler.settings.project","version":"1"},"event":{"state":true,"data":{"created":1590827543042,"project":"34ef29c631774da54ecac16d2fc1f412ee6c216a60d7e3312deb717707282d5a"},"id":"MAKE_PROJECT_ON_SAVE.disabled"}}
{"recorder_version":"11","session":"3b01df94f051","build":"191.7479.19","bucket":"185","time":1590827543030,"group":{"id":"java.compiler.settings.project","version":"1"},"event":{"state":true,"data":{"created":1590827543042,"project":"34ef29c631774da54ecac16d2fc1f412ee6c216a60d7e3312deb717707282d5a"},"id":"REBUILD_ON_DEPENDENCY_CHANGE.enabled"}}
{"recorder_version":"11","session":"3b01df94f051","build":"191.7479.19","bucket":"185","time":1590827543030,"group":{"id":"java.compiler.settings.project","version":"1"},"event":{"state":true,"data":{"created":1590827543042,"project":"34ef29c631774da54ecac16d2fc1f412ee6c216a60d7e3312deb717707282d5a"},"id":"CLEAR_OUTPUT_DIRECTORY.enabled"}}
{"recorder_version":"11","session":"3b01df94f051","build":"191.7479.19","bucket":"185","time":1590827543030,"group":{"id":"java.compiler.settings.project","version":"1"},"event":{"state":true,"data":{"created":1590827543044,"project":"34ef29c631774da54ecac16d2fc1f412ee6c216a60d7e3312deb717707282d5a"},"id":"DISPLAY_NOTIFICATION_POPUP.enabled"}}
{"recorder_version":"11","session":"3b01df94f051","build":"191.7479.19","bucket":"185","time":1590827543030,"group":{"id":"java.compiler.settings.project","version":"1"},"event":{"state":true,"data":{"created":1590827543044,"project":"34ef29c631774da54ecac16d2fc1f412ee6c216a60d7e3312deb717707282d5a"},"id":"PARALLEL_COMPILATION.disabled"}}
{"recorder_version":"11","session":"3b01df94f051","build":"191.7479.19","bucket":"185","time":1590827543030,"group":{"id":"java.compiler.settings.project","version":"1"},"event":{"state":true,"data":{"created":1590827543044,"project":"34ef29c631774da54ecac16d2fc1f412ee6c216a60d7e3312deb717707282d5a"},"id":"AUTO_SHOW_ERRORS_IN_EDITOR.enabled"}}
{"recorder_version":"11","session":"3b01df94f051","build":"191.7479.19","bucket":"185","time":1590827543030,"group":{"id":"java.compiler.settings.project","version":"1"},"event":{"state":true,"data":{"created":1590827543044,"project":"34ef29c631774da54ecac16d2fc1f412ee6c216a60d7e3312deb717707282d5a"},"id":"COMPILE_AFFECTED_UNLOADED_MODULES_BEFORE_COMMIT.enabled"}}
{"recorder_version":"11","session":"3b01df94f051","build":"191.7479.19","bucket":"185","time":1590827543030,"group":{"id":"java.compiler.settings.project","version":"1"},"event":{"state":true,"data":{"created":1590827543045,"project":"34ef29c631774da54ecac16d2fc1f412ee6c216a60d7e3312deb717707282d5a"},"id":"invoked"}}
{"recorder_version":"11","session":"3b01df94f051","build":"191.7479.19","bucket":"185","time":1590827543032,"group":{"id":"enabled.listed.tools","version":"2"},"event":{"state":true,"data":{"created":1590827543045,"project":"34ef29c631774da54ecac16d2fc1f412ee6c216a60d7e3312deb717707282d5a"},"id":"invoked"}}
{"recorder_version":"11","session":"3b01df94f051","build":"191.7479.19","bucket":"185","time":1590827543040,"group":{"id":"vcs.metrics","version":"1"},"event":{"state":true,"data":{"created":1590827543045,"project":"34ef29c631774da54ecac16d2fc1f412ee6c216a60d7e3312deb717707282d5a"},"id":"ignored.files.count.0"}}
{"recorder_version":"11","session":"3b01df94f051","build":"191.7479.19","bucket":"185","time":1590827543040,"group":{"id":"vcs.metrics","version":"1"},"event":{"state":true,"data":{"created":1590827543046,"project":"34ef29c631774da54ecac16d2fc1f412ee6c216a60d7e3312deb717707282d5a"},"id":"has.default.vcs.root.mapping.enabled"}}
{"recorder_version":"11","session":"3b01df94f051","build":"191.7479.19","bucket":"185","time":1590827543040,"group":{"id":"vcs.metrics","version":"1"},"event":{"state":true,"data":{"created":1590827543046,"project":"34ef29c631774da54ecac16d2fc1f412ee6c216a60d7e3312deb717707282d5a"},"id":"active.changelists.count.1"}}
{"recorder_version":"11","session":"3b01df94f051","build":"191.7479.19","bucket":"185","time":1590827543040,"group":{"id":"vcs.metrics","version":"1"},"event":{"state":true,"data":{"created":1590827543050,"project":"34ef29c631774da54ecac16d2fc1f412ee6c216a60d7e3312deb717707282d5a"},"id":"unversioned.files.count.0"}}
{"recorder_version":"11","session":"3b01df94f051","build":"191.7479.19","bucket":"185","time":1590827543040,"group":{"id":"vcs.metrics","version":"1"},"event":{"state":true,"data":{"created":1590827543054,"project":"34ef29c631774da54ecac16d2fc1f412ee6c216a60d7e3312deb717707282d5a"},"id":"vcs.roots.count.0"}}
{"recorder_version":"11","session":"3b01df94f051","build":"191.7479.19","bucket":"185","time":1590827543040,"group":{"id":"vcs.metrics","version":"1"},"event":{"state":true,"data":{"created":1590827543054,"project":"34ef29c631774da54ecac16d2fc1f412ee6c216a60d7e3312deb717707282d5a"},"id":"invoked"}}
{"recorder_version":"11","session":"3b01df94f051","build":"191.7479.19","bucket":"185","time":1590827631994,"group":{"id":"performance","version":"11"},"event":{"count":1,"data":{"duration_ms":0,"created":1590827631994},"id":"ui.latency"}}
{"recorder_version":"11","session":"3b01df94f051","build":"191.7479.19","bucket":"185","time":1590827732361,"group":{"id":"performance","version":"11"},"event":{"count":1,"data":{"duration_ms":0,"created":1590827732361},"id":"ui.latency"}}
{"recorder_version":"11","session":"3b01df94f051","build":"191.7479.19","bucket":"185","time":1590827832715,"group":{"id":"performance","version":"11"},"event":{"count":1,"data":{"duration_ms":0,"created":1590827832715},"id":"ui.latency"}}
{"recorder_version":"11","session":"3b01df94f051","build":"191.7479.19","bucket":"185","time":1590827933061,"group":{"id":"performance","version":"11"},"event":{"count":1,"data":{"duration_ms":0,"created":1590827933061},"id":"ui.latency"}}
{"recorder_version":"11","session":"3b01df94f051","build":"191.7479.19","bucket":"185","time":1590828033410,"group":{"id":"performance","version":"11"},"event":{"count":1,"data":{"duration_ms":0,"created":1590828033410},"id":"ui.latency"}}
{"recorder_version":"11","session":"3b01df94f051","build":"191.7479.19","bucket":"185","time":1590828133762,"group":{"id":"performance","version":"11"},"event":{"count":1,"data":{"duration_ms":0,"created":1590828133762},"id":"ui.latency"}}
{"recorder_version":"11","session":"3b01df94f051","build":"191.7479.19","bucket":"185","time":1590828234123,"group":{"id":"performance","version":"11"},"event":{"count":1,"data":{"duration_ms":0,"created":1590828234124},"id":"ui.latency"}}
{"recorder_version":"11","session":"3b01df94f051","build":"191.7479.19","bucket":"185","time":1590828334512,"group":{"id":"performance","version":"11"},"event":{"count":1,"data":{"duration_ms":0,"created":1590828334512},"id":"ui.latency"}}
{"recorder_version":"11","session":"3b01df94f051","build":"191.7479.19","bucket":"185","time":1590828434898,"group":{"id":"performance","version":"11"},"event":{"count":1,"data":{"duration_ms":0,"created":1590828434898},"id":"ui.latency"}}
{"recorder_version":"11","session":"3b01df94f051","build":"191.7479.19","bucket":"185","time":1590828535260,"group":{"id":"performance","version":"11"},"event":{"count":1,"data":{"duration_ms":0,"created":1590828535261},"id":"ui.latency"}}
{"recorder_version":"11","session":"3b01df94f051","build":"191.7479.19","bucket":"185","time":1590828635620,"group":{"id":"performance","version":"11"},"event":{"count":1,"data":{"duration_ms":0,"created":1590828635620},"id":"ui.latency"}}
{"recorder_version":"11","session":"3b01df94f051","build":"191.7479.19","bucket":"185","time":1590828735977,"group":{"id":"performance","version":"11"},"event":{"count":1,"data":{"duration_ms":0,"created":1590828735977},"id":"ui.latency"}}
{"recorder_version":"11","session":"3b01df94f051","build":"191.7479.19","bucket":"185","time":1590828836343,"group":{"id":"performance","version":"11"},"event":{"count":1,"data":{"duration_ms":0,"created":1590828836344},"id":"ui.latency"}}
{"recorder_version":"11","session":"3b01df94f051","build":"191.7479.19","bucket":"185","time":1590828936721,"group":{"id":"performance","version":"11"},"event":{"count":1,"data":{"duration_ms":0,"created":1590828936721},"id":"ui.latency"}}
{"recorder_version":"11","session":"3b01df94f051","build":"191.7479.19","bucket":"185","time":1590829037101,"group":{"id":"performance","version":"11"},"event":{"count":1,"data":{"duration_ms":0,"created":1590829037101},"id":"ui.latency"}}
{"recorder_version":"11","session":"3b01df94f051","build":"191.7479.19","bucket":"185","time":1590829137457,"group":{"id":"performance","version":"11"},"event":{"count":1,"data":{"duration_ms":1,"created":1590829137457},"id":"ui.latency"}}
{"recorder_version":"11","session":"3b01df94f051","build":"191.7479.19","bucket":"185","time":1590829237790,"group":{"id":"performance","version":"11"},"event":{"count":1,"data":{"duration_ms":0,"created":1590829237791},"id":"ui.latency"}}
{"recorder_version":"11","session":"3b01df94f051","build":"191.7479.19","bucket":"185","time":1590829338157,"group":{"id":"performance","version":"11"},"event":{"count":1,"data":{"duration_ms":0,"created":1590829338157},"id":"ui.latency"}}
{"recorder_version":"11","session":"3b01df94f051","build":"191.7479.19","bucket":"185","time":1590829438490,"group":{"id":"performance","version":"11"},"event":{"count":1,"data":{"duration_ms":0,"created":1590829438490},"id":"ui.latency"}}
{"recorder_version":"11","session":"3b01df94f051","build":"191.7479.19","bucket":"185","time":1590829538846,"group":{"id":"performance","version":"11"},"event":{"count":1,"data":{"duration_ms":0,"created":1590829538846},"id":"ui.latency"}}
{"recorder_version":"11","session":"3b01df94f051","build":"191.7479.19","bucket":"185","time":1590829639197,"group":{"id":"performance","version":"11"},"event":{"count":1,"data":{"duration_ms":0,"created":1590829639197},"id":"ui.latency"}}
{"recorder_version":"11","session":"3b01df94f051","build":"191.7479.19","bucket":"185","time":1590829739593,"group":{"id":"performance","version":"11"},"event":{"count":1,"data":{"duration_ms":0,"created":1590829739593},"id":"ui.latency"}}
{"recorder_version":"11","session":"3b01df94f051","build":"191.7479.19","bucket":"185","time":1590829839954,"group":{"id":"performance","version":"11"},"event":{"count":1,"data":{"duration_ms":0,"created":1590829839954},"id":"ui.latency"}}
{"recorder_version":"11","session":"3b01df94f051","build":"191.7479.19","bucket":"185","time":1590829940334,"group":{"id":"performance","version":"11"},"event":{"count":1,"data":{"duration_ms":0,"created":1590829940334},"id":"ui.latency"}}
{"recorder_version":"11","session":"3b01df94f051","build":"191.7479.19","bucket":"185","time":1590830040706,"group":{"id":"performance","version":"11"},"event":{"count":1,"data":{"duration_ms":0,"created":1590830040706},"id":"ui.latency"}}
{"recorder_version":"11","session":"3b01df94f051","build":"191.7479.19","bucket":"185","time":1590830141088,"group":{"id":"performance","version":"11"},"event":{"count":1,"data":{"duration_ms":0,"created":1590830141088},"id":"ui.latency"}}
{"recorder_version":"11","session":"3b01df94f051","build":"191.7479.19","bucket":"185","time":1590830241445,"group":{"id":"performance","version":"11"},"event":{"count":1,"data":{"duration_ms":0,"created":1590830241445},"id":"ui.latency"}}
{"recorder_version":"11","session":"3b01df94f051","build":"191.7479.19","bucket":"185","time":1590830341819,"group":{"id":"performance","version":"11"},"event":{"count":1,"data":{"duration_ms":0,"created":1590830341819},"id":"ui.latency"}}
{"recorder_version":"11","session":"3b01df94f051","build":"191.7479.19","bucket":"185","time":1590830442181,"group":{"id":"performance","version":"11"},"event":{"count":1,"data":{"duration_ms":0,"created":1590830442181},"id":"ui.latency"}}
{"recorder_version":"11","session":"3b01df94f051","build":"191.7479.19","bucket":"185","time":1590830542517,"group":{"id":"performance","version":"11"},"event":{"count":1,"data":{"duration_ms":0,"created":1590830542517},"id":"ui.latency"}}
{"recorder_version":"11","session":"3b01df94f051","build":"191.7479.19","bucket":"185","time":1590830642853,"group":{"id":"performance","version":"11"},"event":{"count":1,"data":{"duration_ms":1,"created":1590830642853},"id":"ui.latency"}}
{"recorder_version":"11","session":"3b01df94f051","build":"191.7479.19","bucket":"185","time":1590830743216,"group":{"id":"performance","version":"11"},"event":{"count":1,"data":{"duration_ms":0,"created":1590830743216},"id":"ui.latency"}}
{"recorder_version":"11","session":"3b01df94f051","build":"191.7479.19","bucket":"185","time":1590830843568,"group":{"id":"performance","version":"11"},"event":{"count":1,"data":{"duration_ms":0,"created":1590830843568},"id":"ui.latency"}}
{"recorder_version":"11","session":"3b01df94f051","build":"191.7479.19","bucket":"185","time":1590830943863,"group":{"id":"performance","version":"11"},"event":{"count":1,"data":{"duration_ms":0,"created":1590830943863},"id":"ui.latency"}}
{"recorder_version":"11","session":"3b01df94f051","build":"191.7479.19","bucket":"185","time":1590831044199,"group":{"id":"performance","version":"11"},"event":{"count":1,"data":{"duration_ms":1,"created":1590831044199},"id":"ui.latency"}}
{"recorder_version":"11","session":"3b01df94f051","build":"191.7479.19","bucket":"185","time":1590831144533,"group":{"id":"performance","version":"11"},"event":{"count":1,"data":{"duration_ms":1,"created":1590831144533},"id":"ui.latency"}}
{"recorder_version":"11","session":"3b01df94f051","build":"191.7479.19","bucket":"185","time":1590831244826,"group":{"id":"performance","version":"11"},"event":{"count":1,"data":{"duration_ms":0,"created":1590831244826},"id":"ui.latency"}}
{"recorder_version":"11","session":"3b01df94f051","build":"191.7479.19","bucket":"185","time":1590831345153,"group":{"id":"performance","version":"11"},"event":{"count":1,"data":{"duration_ms":0,"created":1590831345153},"id":"ui.latency"}}
{"recorder_version":"11","session":"3b01df94f051","build":"191.7479.19","bucket":"185","time":1590831445486,"group":{"id":"performance","version":"11"},"event":{"count":1,"data":{"duration_ms":0,"created":1590831445486},"id":"ui.latency"}}
{"recorder_version":"11","session":"3b01df94f051","build":"191.7479.19","bucket":"185","time":1590831545791,"group":{"id":"performance","version":"11"},"event":{"count":1,"data":{"duration_ms":0,"created":1590831545791},"id":"ui.latency"}}
{"recorder_version":"11","session":"3b01df94f051","build":"191.7479.19","bucket":"185","time":1590831646107,"group":{"id":"performance","version":"11"},"event":{"count":1,"data":{"duration_ms":0,"created":1590831646107},"id":"ui.latency"}}
{"recorder_version":"11","session":"3b01df94f051","build":"191.7479.19","bucket":"185","time":1590831746739,"group":{"id":"performance","version":"11"},"event":{"count":1,"data":{"duration_ms":1,"created":1590831746739},"id":"ui.latency"}}
{"recorder_version":"11","session":"3b01df94f051","build":"191.7479.19","bucket":"185","time":1590831847347,"group":{"id":"performance","version":"11"},"event":{"count":1,"data":{"duration_ms":0,"created":1590831847347},"id":"ui.latency"}}
{"recorder_version":"11","session":"3b01df94f051","build":"191.7479.19","bucket":"185","time":1590831948026,"group":{"id":"performance","version":"11"},"event":{"count":1,"data":{"duration_ms":0,"created":1590831948026},"id":"ui.latency"}}
{"recorder_version":"11","session":"3b01df94f051","build":"191.7479.19","bucket":"185","time":1590832048775,"group":{"id":"performance","version":"11"},"event":{"count":1,"data":{"duration_ms":0,"created":1590832048775},"id":"ui.latency"}}
{"recorder_version":"11","session":"3b01df94f051","build":"191.7479.19","bucket":"185","time":1590832149533,"group":{"id":"performance","version":"11"},"event":{"count":1,"data":{"duration_ms":0,"created":1590832149533},"id":"ui.latency"}}
{"recorder_version":"11","session":"3b01df94f051","build":"191.7479.19","bucket":"185","time":1590832250273,"group":{"id":"performance","version":"11"},"event":{"count":1,"data":{"duration_ms":0,"created":1590832250273},"id":"ui.latency"}}
{"recorder_version":"11","session":"3b01df94f051","build":"191.7479.19","bucket":"185","time":1590832351006,"group":{"id":"performance","version":"11"},"event":{"count":1,"data":{"duration_ms":0,"created":1590832351006},"id":"ui.latency"}}
{"recorder_version":"11","session":"3b01df94f051","build":"191.7479.19","bucket":"185","time":1590832451801,"group":{"id":"performance","version":"11"},"event":{"count":1,"data":{"duration_ms":0,"created":1590832451801},"id":"ui.latency"}}
{"recorder_version":"11","session":"3b01df94f051","build":"191.7479.19","bucket":"185","time":1590832552540,"group":{"id":"performance","version":"11"},"event":{"count":1,"data":{"duration_ms":1,"created":1590832552540},"id":"ui.latency"}}
{"recorder_version":"11","session":"3b01df94f051","build":"191.7479.19","bucket":"185","time":1590832653301,"group":{"id":"performance","version":"11"},"event":{"count":1,"data":{"duration_ms":0,"created":1590832653301},"id":"ui.latency"}}
{"recorder_version":"11","session":"3b01df94f051","build":"191.7479.19","bucket":"185","time":1590832754059,"group":{"id":"performance","version":"11"},"event":{"count":1,"data":{"duration_ms":1,"created":1590832754059},"id":"ui.latency"}}
{"recorder_version":"11","session":"3b01df94f051","build":"191.7479.19","bucket":"185","time":1590832854839,"group":{"id":"performance","version":"11"},"event":{"count":1,"data":{"duration_ms":0,"created":1590832854839},"id":"ui.latency"}}
{"recorder_version":"11","session":"3b01df94f051","build":"191.7479.19","bucket":"185","time":1590832955581,"group":{"id":"performance","version":"11"},"event":{"count":1,"data":{"duration_ms":0,"created":1590832955581},"id":"ui.latency"}}
{"recorder_version":"11","session":"3b01df94f051","build":"191.7479.19","bucket":"185","time":1590833056362,"group":{"id":"performance","version":"11"},"event":{"count":1,"data":{"duration_ms":0,"created":1590833056362},"id":"ui.latency"}}
{"recorder_version":"11","session":"3b01df94f051","build":"191.7479.19","bucket":"185","time":1590833156769,"group":{"id":"performance","version":"11"},"event":{"count":1,"data":{"duration_ms":1,"created":1590833156769},"id":"ui.latency"}}
{"recorder_version":"11","session":"3b01df94f051","build":"191.7479.19","bucket":"185","time":1590833257091,"group":{"id":"performance","version":"11"},"event":{"count":1,"data":{"duration_ms":0,"created":1590833257091},"id":"ui.latency"}}
{"recorder_version":"11","session":"3b01df94f051","build":"191.7479.19","bucket":"185","time":1590833357389,"group":{"id":"performance","version":"11"},"event":{"count":1,"data":{"duration_ms":0,"created":1590833357389},"id":"ui.latency"}}
{"recorder_version":"11","session":"3b01df94f051","build":"191.7479.19","bucket":"185","time":1590833457700,"group":{"id":"performance","version":"11"},"event":{"count":1,"data":{"duration_ms":0,"created":1590833457700},"id":"ui.latency"}}
{"recorder_version":"11","session":"3b01df94f051","build":"191.7479.19","bucket":"185","time":1590833557998,"group":{"id":"performance","version":"11"},"event":{"count":1,"data":{"duration_ms":0,"created":1590833557998},"id":"ui.latency"}}
{"recorder_version":"11","session":"3b01df94f051","build":"191.7479.19","bucket":"185","time":1590833658346,"group":{"id":"performance","version":"11"},"event":{"count":1,"data":{"duration_ms":0,"created":1590833658346},"id":"ui.latency"}}
{"recorder_version":"11","session":"3b01df94f051","build":"191.7479.19","bucket":"185","time":1590833758640,"group":{"id":"performance","version":"11"},"event":{"count":1,"data":{"duration_ms":0,"created":1590833758640},"id":"ui.latency"}}
{"recorder_version":"11","session":"3b01df94f051","build":"191.7479.19","bucket":"185","time":1590833858975,"group":{"id":"performance","version":"11"},"event":{"count":1,"data":{"duration_ms":0,"created":1590833858975},"id":"ui.latency"}}
{"recorder_version":"11","session":"3b01df94f051","build":"191.7479.19","bucket":"185","time":1590833959314,"group":{"id":"performance","version":"11"},"event":{"count":1,"data":{"duration_ms":0,"created":1590833959315},"id":"ui.latency"}}
{"recorder_version":"11","session":"3b01df94f051","build":"191.7479.19","bucket":"185","time":1590834059636,"group":{"id":"performance","version":"11"},"event":{"count":1,"data":{"duration_ms":0,"created":1590834059636},"id":"ui.latency"}}
{"recorder_version":"11","session":"3b01df94f051","build":"191.7479.19","bucket":"185","time":1590834159947,"group":{"id":"performance","version":"11"},"event":{"count":1,"data":{"duration_ms":0,"created":1590834159947},"id":"ui.latency"}}
{"recorder_version":"11","session":"3b01df94f051","build":"191.7479.19","bucket":"185","time":1590834260281,"group":{"id":"performance","version":"11"},"event":{"count":1,"data":{"duration_ms":0,"created":1590834260281},"id":"ui.latency"}}
{"recorder_version":"11","session":"3b01df94f051","build":"191.7479.19","bucket":"185","time":1590834284606,"group":{"id":"performance","version":"11"},"event":{"count":1,"data":{"duration_ms":268,"created":1590834284606},"id":"ui.lagging"}}
{"recorder_version":"11","session":"3b01df94f051","build":"191.7479.19","bucket":"185","time":1590834300523,"group":{"id":"actions","version":"11"},"event":{"count":1,"data":{"context_menu":true,"os":"Mac","created":1590834300523,"plugin_type":"NOT_LISTED","project":"34ef29c631774da54ecac16d2fc1f412ee6c216a60d7e3312deb717707282d5a","place":"MainMenu","input_event":"NoMouseButton"},"id":"third.party"}}
{"recorder_version":"11","session":"3b01df94f051","build":"191.7479.19","bucket":"185","time":1590834304337,"group":{"id":"lifecycle","version":"11"},"event":{"count":1,"data":{"created":1590834304337,"project":"34ef29c631774da54ecac16d2fc1f412ee6c216a60d7e3312deb717707282d5a"},"id":"project.closed"}}
{"recorder_version":"11","session":"3b01df94f051","build":"191.7479.19","bucket":"185","time":1590834304808,"group":{"id":"performance","version":"11"},"event":{"count":1,"data":{"duration_ms":421,"created":1590834304811},"id":"ui.lagging"}}
{"recorder_version":"11","session":"3b01df94f051","build":"191.7479.19","bucket":"185","time":1590834307738,"group":{"id":"lifecycle","version":"11"},"event":{"count":1,"data":{"created":1590834307738,"project":"34ef29c631774da54ecac16d2fc1f412ee6c216a60d7e3312deb717707282d5a"},"id":"project.opened"}}
{"recorder_version":"11","session":"3b01df94f051","build":"191.7479.19","bucket":"185","time":1590834308206,"group":{"id":"ui.dialogs","version":"11"},"event":{"count":1,"data":{"created":1590834308206,"plugin_type":"PLATFORM","type":"show"},"id":"com.intellij.openapi.progress.util.ProgressDialog$MyDialogWrapper"}}
{"recorder_version":"11","session":"3b01df94f051","build":"191.7479.19","bucket":"185","time":1590834308439,"group":{"id":"toolwindow","version":"11"},"event":{"count":1,"data":{"os":"Mac","created":1590834308439,"plugin_type":"PLATFORM"},"id":"Project"}}
{"recorder_version":"11","session":"3b01df94f051","build":"191.7479.19","bucket":"185","time":1590834308523,"group":{"id":"ui.dialogs","version":"11"},"event":{"count":1,"data":{"code":1,"created":1590834308523,"plugin_type":"PLATFORM","type":"close"},"id":"com.intellij.openapi.progress.util.ProgressDialog$MyDialogWrapper"}}
{"recorder_version":"11","session":"3b01df94f051","build":"191.7479.19","bucket":"185","time":1590834308577,"group":{"id":"project.fs","version":"1"},"event":{"state":true,"data":{"os":"Mac","cs-project":false,"created":1590834308577,"project":"34ef29c631774da54ecac16d2fc1f412ee6c216a60d7e3312deb717707282d5a","cs-implicit":true,"cs-system":false},"id":"case-sensitivity"}}
{"recorder_version":"11","session":"3b01df94f051","build":"191.7479.19","bucket":"185","time":1590834308577,"group":{"id":"project.fs","version":"1"},"event":{"state":true,"data":{"created":1590834308577},"id":"invoked"}}
{"recorder_version":"11","session":"3b01df94f051","build":"191.7479.19","bucket":"185","time":1590834308577,"group":{"id":"project.fs","version":"1"},"event":{"state":true,"data":{"pct-non-watched":0,"created":1590834308577,"project":"34ef29c631774da54ecac16d2fc1f412ee6c216a60d7e3312deb717707282d5a"},"id":"roots-watched"}}
{"recorder_version":"11","session":"3b01df94f051","build":"191.7479.19","bucket":"185","time":1590834308577,"group":{"id":"project.fs","version":"1"},"event":{"state":true,"data":{"created":1590834308577},"id":"invoked"}}
{"recorder_version":"11","session":"3b01df94f051","build":"191.7479.19","bucket":"185","time":1590834308736,"group":{"id":"lifecycle","version":"11"},"event":{"count":1,"data":{"created":1590834308736,"time_ms":1118,"project":"34ef29c631774da54ecac16d2fc1f412ee6c216a60d7e3312deb717707282d5a"},"id":"project.opening.finished"}}
{"recorder_version":"11","session":"3b01df94f051","build":"191.7479.19","bucket":"185","time":1590834330328,"group":{"id":"actions","version":"11"},"event":{"count":1,"data":{"context_menu":true,"os":"Mac","created":1590834330328,"plugin_type":"NOT_LISTED","project":"34ef29c631774da54ecac16d2fc1f412ee6c216a60d7e3312deb717707282d5a","place":"MainMenu","input_event":"NoMouseButton"},"id":"third.party"}}
{"recorder_version":"11","session":"3b01df94f051","build":"191.7479.19","bucket":"185","time":1590834342943,"group":{"id":"actions","version":"11"},"event":{"count":1,"data":{"context_menu":true,"os":"Mac","created":1590834342943,"plugin_type":"NOT_LISTED","project":"34ef29c631774da54ecac16d2fc1f412ee6c216a60d7e3312deb717707282d5a","place":"MainMenu","input_event":"NoMouseButton"},"id":"third.party"}}
{"recorder_version":"11","session":"3b01df94f051","build":"191.7479.19","bucket":"185","time":1590834345368,"group":{"id":"toolwindow","version":"11"},"event":{"count":1,"data":{"os":"Mac","plugin":"com.intellij","created":1590834345368,"plugin_type":"JB_BUNDLED"},"id":"Event_Log"}}
