{"recorder_version":"11","session":"7d227e23cdad","build":"191.7479.19","bucket":"185","time":1590834404683,"group":{"id":"settings","version":"2"},"event":{"state":true,"data":{"created":1590834404684,"invoked":true},"id":"NotRoamableUiSettings"}}
{"recorder_version":"11","session":"7d227e23cdad","build":"191.7479.19","bucket":"185","time":1590834404704,"group":{"id":"system.os","version":"1"},"event":{"state":true,"data":{"created":1590834404704,"version":"10.15"},"id":"Mac"}}
{"recorder_version":"11","session":"7d227e23cdad","build":"191.7479.19","bucket":"185","time":1590834404704,"group":{"id":"system.os","version":"1"},"event":{"state":true,"data":{"created":1590834404715},"id":"invoked"}}
{"recorder_version":"11","session":"7d227e23cdad","build":"191.7479.19","bucket":"185","time":1590834404704,"group":{"id":"system.java","version":"1"},"event":{"state":true,"data":{"created":1590834404715,"version":"1.8"},"id":"JetBrains"}}
{"recorder_version":"11","session":"7d227e23cdad","build":"191.7479.19","bucket":"185","time":1590834404704,"group":{"id":"system.java","version":"1"},"event":{"state":true,"data":{"created":1590834404716},"id":"invoked"}}
{"recorder_version":"11","session":"7d227e23cdad","build":"191.7479.19","bucket":"185","time":1590834404704,"group":{"id":"settings","version":"2"},"event":{"state":true,"data":{"created":1590834404717,"invoked":true},"id":"UISettings"}}
{"recorder_version":"11","session":"7d227e23cdad","build":"191.7479.19","bucket":"185","time":1590834406126,"group":{"id":"settings","version":"2"},"event":{"state":true,"data":{"default":false,"created":1590834406126,"name":"showTipsOnStartup","value":false},"id":"GeneralSettings"}}
{"recorder_version":"11","session":"7d227e23cdad","build":"191.7479.19","bucket":"185","time":1590834406126,"group":{"id":"settings","version":"2"},"event":{"state":true,"data":{"created":1590834406127,"invoked":true},"id":"GeneralSettings"}}
{"recorder_version":"11","session":"7d227e23cdad","build":"191.7479.19","bucket":"185","time":1590834408740,"group":{"id":"performance","version":"11"},"event":{"count":1,"data":{"duration_ms":1969,"created":1590834408740},"id":"ui.latency"}}
{"recorder_version":"11","session":"7d227e23cdad","build":"191.7479.19","bucket":"185","time":1590834408740,"group":{"id":"performance","version":"11"},"event":{"count":1,"data":{"duration_ms":1969,"created":1590834408741},"id":"ui.lagging"}}
{"recorder_version":"11","session":"7d227e23cdad","build":"191.7479.19","bucket":"185","time":1590834408740,"group":{"id":"performance","version":"11"},"event":{"count":1,"data":{"duration_ms":980,"created":1590834408743},"id":"ui.lagging"}}
{"recorder_version":"11","session":"7d227e23cdad","build":"191.7479.19","bucket":"185","time":1590834409129,"group":{"id":"ui.dialogs","version":"11"},"event":{"count":1,"data":{"created":1590834409129,"plugin_type":"PLATFORM","type":"show"},"id":"com.intellij.openapi.progress.util.ProgressDialog$MyDialogWrapper"}}
{"recorder_version":"11","session":"7d227e23cdad","build":"191.7479.19","bucket":"185","time":1590834412011,"group":{"id":"ui.dialogs","version":"11"},"event":{"count":1,"data":{"code":1,"created":1590834412011,"plugin_type":"PLATFORM","type":"close"},"id":"com.intellij.openapi.progress.util.ProgressDialog$MyDialogWrapper"}}
{"recorder_version":"11","session":"7d227e23cdad","build":"191.7479.19","bucket":"185","time":1590834412028,"group":{"id":"lifecycle","version":"11"},"event":{"count":1,"data":{"created":1590834412028,"project":"34ef29c631774da54ecac16d2fc1f412ee6c216a60d7e3312deb717707282d5a"},"id":"project.opened"}}
{"recorder_version":"11","session":"7d227e23cdad","build":"191.7479.19","bucket":"185","time":1590834413094,"group":{"id":"performance","version":"11"},"event":{"count":1,"data":{"duration_ms":327,"created":1590834413094},"id":"ui.lagging"}}
{"recorder_version":"11","session":"7d227e23cdad","build":"191.7479.19","bucket":"185","time":1590834413125,"group":{"id":"ui.dialogs","version":"11"},"event":{"count":1,"data":{"created":1590834413125,"plugin_type":"PLATFORM","type":"show"},"id":"com.intellij.openapi.progress.util.ProgressDialog$MyDialogWrapper"}}
{"recorder_version":"11","session":"7d227e23cdad","build":"191.7479.19","bucket":"185","time":1590834414421,"group":{"id":"performance","version":"11"},"event":{"count":1,"data":{"duration_ms":653,"created":1590834414421},"id":"ui.lagging"}}
{"recorder_version":"11","session":"7d227e23cdad","build":"191.7479.19","bucket":"185","time":1590834414504,"group":{"id":"toolwindow","version":"11"},"event":{"count":1,"data":{"os":"Mac","created":1590834414504,"plugin_type":"PLATFORM"},"id":"Project"}}
{"recorder_version":"11","session":"7d227e23cdad","build":"191.7479.19","bucket":"185","time":1590834414827,"group":{"id":"lifecycle","version":"11"},"event":{"count":1,"data":{"internal":true,"eap":false,"created":1590834414827},"id":"ide.start"}}
{"recorder_version":"11","session":"7d227e23cdad","build":"191.7479.19","bucket":"185","time":1590834415174,"group":{"id":"performance","version":"11"},"event":{"count":1,"data":{"duration_ms":404,"created":1590834415174},"id":"ui.lagging"}}
{"recorder_version":"11","session":"7d227e23cdad","build":"191.7479.19","bucket":"185","time":1590834415397,"group":{"id":"project.fs","version":"1"},"event":{"state":true,"data":{"os":"Mac","cs-project":false,"created":1590834415397,"project":"34ef29c631774da54ecac16d2fc1f412ee6c216a60d7e3312deb717707282d5a","cs-implicit":true,"cs-system":false},"id":"case-sensitivity"}}
{"recorder_version":"11","session":"7d227e23cdad","build":"191.7479.19","bucket":"185","time":1590834415398,"group":{"id":"project.fs","version":"1"},"event":{"state":true,"data":{"created":1590834415398},"id":"invoked"}}
{"recorder_version":"11","session":"7d227e23cdad","build":"191.7479.19","bucket":"185","time":1590834415399,"group":{"id":"project.fs","version":"1"},"event":{"state":true,"data":{"pct-non-watched":0,"created":1590834415399,"project":"34ef29c631774da54ecac16d2fc1f412ee6c216a60d7e3312deb717707282d5a"},"id":"roots-watched"}}
{"recorder_version":"11","session":"7d227e23cdad","build":"191.7479.19","bucket":"185","time":1590834415399,"group":{"id":"project.fs","version":"1"},"event":{"state":true,"data":{"created":1590834415399},"id":"invoked"}}
{"recorder_version":"11","session":"7d227e23cdad","build":"191.7479.19","bucket":"185","time":1590834415556,"group":{"id":"ui.dialogs","version":"11"},"event":{"count":1,"data":{"code":1,"created":1590834415556,"plugin_type":"PLATFORM","type":"close"},"id":"com.intellij.openapi.progress.util.ProgressDialog$MyDialogWrapper"}}
{"recorder_version":"11","session":"7d227e23cdad","build":"191.7479.19","bucket":"185","time":1590834415607,"group":{"id":"lifecycle","version":"11"},"event":{"count":1,"data":{"created":1590834415607,"time_ms":7030,"project":"34ef29c631774da54ecac16d2fc1f412ee6c216a60d7e3312deb717707282d5a"},"id":"project.opening.finished"}}
{"recorder_version":"11","session":"7d227e23cdad","build":"191.7479.19","bucket":"185","time":1590834417429,"group":{"id":"performance","version":"11"},"event":{"count":1,"data":{"duration_ms":659,"created":1590834417429},"id":"ui.lagging"}}
{"recorder_version":"11","session":"7d227e23cdad","build":"191.7479.19","bucket":"185","time":1590834424175,"group":{"id":"actions","version":"11"},"event":{"count":1,"data":{"context_menu":true,"os":"Mac","created":1590834424175,"plugin_type":"NOT_LISTED","project":"34ef29c631774da54ecac16d2fc1f412ee6c216a60d7e3312deb717707282d5a","place":"MainMenu","input_event":"NoMouseButton"},"id":"third.party"}}
{"recorder_version":"11","session":"7d227e23cdad","build":"191.7479.19","bucket":"185","time":1590834486627,"group":{"id":"file.types.usage","version":"11"},"event":{"count":1,"data":{"created":1590834486627,"plugin_type":"PLATFORM","project":"34ef29c631774da54ecac16d2fc1f412ee6c216a60d7e3312deb717707282d5a","type":"edit"},"id":"JSON"}}
{"recorder_version":"11","session":"7d227e23cdad","build":"191.7479.19","bucket":"185","time":1590834488722,"group":{"id":"actions","version":"11"},"event":{"count":1,"data":{"context_menu":false,"os":"Mac","created":1590834488725,"plugin_type":"PLATFORM","project":"34ef29c631774da54ecac16d2fc1f412ee6c216a60d7e3312deb717707282d5a","place":"MainMenu","input_event":"Meta+Z"},"id":"$Undo"}}
{"recorder_version":"11","session":"7d227e23cdad","build":"191.7479.19","bucket":"185","time":1590834490523,"group":{"id":"actions","version":"11"},"event":{"count":1,"data":{"context_menu":false,"os":"Mac","created":1590834490523,"plugin_type":"PLATFORM","project":"34ef29c631774da54ecac16d2fc1f412ee6c216a60d7e3312deb717707282d5a","place":"MainMenu","input_event":"Backspace"},"id":"EditorBackSpace"}}
{"recorder_version":"11","session":"7d227e23cdad","build":"191.7479.19","bucket":"185","time":1590834491662,"group":{"id":"actions","version":"11"},"event":{"count":1,"data":{"context_menu":false,"os":"Mac","created":1590834491663,"plugin_type":"PLATFORM","project":"34ef29c631774da54ecac16d2fc1f412ee6c216a60d7e3312deb717707282d5a","place":"MainMenu","input_event":"Left"},"id":"EditorLeft"}}
{"recorder_version":"11","session":"7d227e23cdad","build":"191.7479.19","bucket":"185","time":1590834492013,"group":{"id":"actions","version":"11"},"event":{"count":1,"data":{"context_menu":false,"os":"Mac","created":1590834492013,"plugin_type":"PLATFORM","project":"34ef29c631774da54ecac16d2fc1f412ee6c216a60d7e3312deb717707282d5a","place":"MainMenu","input_event":"Enter"},"id":"EditorEnter"}}
{"recorder_version":"11","session":"7d227e23cdad","build":"191.7479.19","bucket":"185","time":1590834493699,"group":{"id":"actions","version":"11"},"event":{"count":2,"data":{"context_menu":false,"os":"Mac","last":1590834494838,"created":1590834493699,"plugin_type":"PLATFORM","project":"34ef29c631774da54ecac16d2fc1f412ee6c216a60d7e3312deb717707282d5a","place":"MainMenu","input_event":"Left"},"id":"EditorLeft"}}
{"recorder_version":"11","session":"7d227e23cdad","build":"191.7479.19","bucket":"185","time":1590834496325,"group":{"id":"actions","version":"11"},"event":{"count":1,"data":{"context_menu":false,"os":"Mac","created":1590834496325,"plugin_type":"PLATFORM","project":"34ef29c631774da54ecac16d2fc1f412ee6c216a60d7e3312deb717707282d5a","place":"MainMenu","input_event":"Right"},"id":"EditorRight"}}
{"recorder_version":"11","session":"7d227e23cdad","build":"191.7479.19","bucket":"185","time":1590834503168,"group":{"id":"actions","version":"11"},"event":{"count":1,"data":{"context_menu":true,"os":"Mac","created":1590834503168,"plugin_type":"NOT_LISTED","project":"34ef29c631774da54ecac16d2fc1f412ee6c216a60d7e3312deb717707282d5a","place":"MainMenu","input_event":"NoMouseButton"},"id":"third.party"}}
{"recorder_version":"11","session":"7d227e23cdad","build":"191.7479.19","bucket":"185","time":1590834509100,"group":{"id":"performance","version":"11"},"event":{"count":1,"data":{"duration_ms":0,"created":1590834509101},"id":"ui.latency"}}
{"recorder_version":"11","session":"7d227e23cdad","build":"191.7479.19","bucket":"185","time":1590834516050,"group":{"id":"actions","version":"11"},"event":{"count":4,"data":{"context_menu":false,"os":"Mac","last":1590834517128,"created":1590834516050,"plugin_type":"PLATFORM","project":"34ef29c631774da54ecac16d2fc1f412ee6c216a60d7e3312deb717707282d5a","place":"MainMenu","input_event":"Meta+Alt+L"},"id":"ReformatCode"}}
{"recorder_version":"11","session":"7d227e23cdad","build":"191.7479.19","bucket":"185","time":1590834609420,"group":{"id":"performance","version":"11"},"event":{"count":1,"data":{"duration_ms":0,"created":1590834609420},"id":"ui.latency"}}
{"recorder_version":"11","session":"7d227e23cdad","build":"191.7479.19","bucket":"185","time":1590834627514,"group":{"id":"lifecycle","version":"11"},"event":{"count":1,"data":{"created":1590834627514,"project":"34ef29c631774da54ecac16d2fc1f412ee6c216a60d7e3312deb717707282d5a"},"id":"project.closed"}}
{"recorder_version":"11","session":"7d227e23cdad","build":"191.7479.19","bucket":"185","time":1590834627875,"group":{"id":"performance","version":"11"},"event":{"count":1,"data":{"duration_ms":400,"created":1590834627875},"id":"ui.lagging"}}
{"recorder_version":"11","session":"7d227e23cdad","build":"191.7479.19","bucket":"185","time":1590834629431,"group":{"id":"lifecycle","version":"11"},"event":{"count":1,"data":{"restart":false,"created":1590834629431},"id":"ide.close"}}
